
example.elf:     file format elf32-littleriscv
example.elf
architecture: riscv:rv32, flags 0x00000112:
EXEC_P, HAS_SYMS, D_PAGED
start address 0x00000000

Program Header:
    LOAD off    0x00001000 vaddr 0x00000000 paddr 0x00000000 align 2**12
         filesz 0x000010c4 memsz 0x000010c4 flags r-x
    LOAD off    0x00003000 vaddr 0x20000000 paddr 0x000010c4 align 2**12
         filesz 0x00000000 memsz 0x00000058 flags rw-
    LOAD off    0x00002e00 vaddr 0x20004e00 paddr 0x20004e00 align 2**12
         filesz 0x00000000 memsz 0x00000200 flags rw-

Sections:
Idx Name          Size      VMA       LMA       File off  Algn
  0 .init         00000038  00000000  00000000  00001000  2**1
                  CONTENTS, ALLOC, LOAD, READONLY, CODE
  1 .vector       00000108  00000038  00000038  00001038  2**1
                  CONTENTS, ALLOC, LOAD, READONLY, CODE
  2 .text         00000f84  00000140  00000140  00001140  2**2
                  CONTENTS, ALLOC, LOAD, READONLY, CODE
  3 .fini         00000000  000010c4  000010c4  000020c4  2**0
                  CONTENTS, ALLOC, LOAD, CODE
  4 .dalign       00000000  20000000  20000000  000020c4  2**0
                  CONTENTS
  5 .dlalign      00000000  000010c4  000010c4  000020c4  2**0
                  CONTENTS
  6 .data         00000000  20000000  20000000  000020c4  2**0
                  CONTENTS, ALLOC, LOAD, DATA
  7 .bss          00000058  20000000  000010c4  00003000  2**2
                  ALLOC
  8 .stack        00000200  20004e00  20004e00  00002e00  2**0
                  ALLOC
  9 .debug_line   000036ed  00000000  00000000  000020c4  2**0
                  CONTENTS, READONLY, DEBUGGING
 10 .debug_info   000025c0  00000000  00000000  000057b1  2**0
                  CONTENTS, READONLY, DEBUGGING
 11 .debug_abbrev 00000616  00000000  00000000  00007d71  2**0
                  CONTENTS, READONLY, DEBUGGING
 12 .debug_aranges 00000218  00000000  00000000  00008388  2**3
                  CONTENTS, READONLY, DEBUGGING
 13 .debug_str    0002f8df  00000000  00000000  000085a0  2**0
                  CONTENTS, READONLY, DEBUGGING
 14 .debug_ranges 000001e0  00000000  00000000  00037e80  2**3
                  CONTENTS, READONLY, DEBUGGING
 15 .debug_macro  000004b6  00000000  00000000  00038060  2**0
                  CONTENTS, READONLY, DEBUGGING
 16 .comment      00000033  00000000  00000000  00038516  2**0
                  CONTENTS, READONLY
 17 .debug_frame  0000079c  00000000  00000000  0003854c  2**2
                  CONTENTS, READONLY, DEBUGGING
SYMBOL TABLE:
00000000 l    d  .init	00000000 .init
00000038 l    d  .vector	00000000 .vector
00000140 l    d  .text	00000000 .text
000010c4 l    d  .fini	00000000 .fini
20000000 l    d  .dalign	00000000 .dalign
000010c4 l    d  .dlalign	00000000 .dlalign
20000000 l    d  .data	00000000 .data
20000000 l    d  .bss	00000000 .bss
20004e00 l    d  .stack	00000000 .stack
00000000 l    d  .debug_line	00000000 .debug_line
00000000 l    d  .debug_info	00000000 .debug_info
00000000 l    d  .debug_abbrev	00000000 .debug_abbrev
00000000 l    d  .debug_aranges	00000000 .debug_aranges
00000000 l    d  .debug_str	00000000 .debug_str
00000000 l    d  .debug_ranges	00000000 .debug_ranges
00000000 l    d  .debug_macro	00000000 .debug_macro
00000000 l    d  .comment	00000000 .comment
00000000 l    d  .debug_frame	00000000 .debug_frame
00000000 l    df *ABS*	00000000 ./Core/Startup/startup_ch32v20x_D6.o
00000038 l       .vector	00000000 _vector_base
00000000 l    df *ABS*	00000000 ch32v203xx_it.c
00000000 l    df *ABS*	00000000 ch32v20x_RVMSIS.c
00000476 l     F .text	00000032 NVIC_EnableIRQ
000004a8 l     F .text	00000040 NVIC_SetPriority
000007be l     F .text	000000ae RVMSIS_GPIO_MODE_Set
0000086c l     F .text	000000b8 RVMSIS_GPIO_SPEED_Set
00000924 l     F .text	00000096 RVMSIS_GPIO_CNF_Set
000009ba l     F .text	00000178 RVMSIS_GPIO_Reg_Set
00000000 l    df *ABS*	00000000 main.c
00000f80 l     F .text	0000002a NVIC_GetPriority
0000015e  w      .text	00000000 EXTI2_IRQHandler
20000004 g     O .bss	00000004 Delay_counter_ms
20000800 g       .data	00000000 __global_pointer$
00000184  w      .text	00000000 TIM1_CC_IRQHandler
00000142  w      .text	00000000 HardFault_Handler
20000008 g     O .bss	00000004 Timeout_counter_ms
000006fa g     F .text	0000009a RVMSIS_SysTick_Timer_init
00000236 g     F .text	00000076 SysTick_Handler
00000cd4 g     F .text	0000006c RVMSIS_FLASH_Page_erase
00000c8c g     F .text	0000002a RVMSIS_FLASH_Unlock
00000150  w      .text	00000000 PVD_IRQHandler
2000000c g     O .bss	00000001 Priority
00000140  w      .text	00000000 NMI_Handler
00000160  w      .text	00000000 EXTI3_IRQHandler
00000ea6 g     F .text	000000da RVMSIS_FLASH_Read_data
0000014c  w      .text	00000000 SW_handler
20000000 g       .bss	00000000 _sbss
00000200 g       *ABS*	00000000 __stack_size
0000015a  w      .text	00000000 EXTI0_IRQHandler
00000190  w      .text	00000000 I2C2_EV_IRQHandler
00000038 g       .init	00000000 _einit
00000172  w      .text	00000000 ADC1_2_IRQHandler
00000148  w      .text	00000000 Break_Point_Handler
00000194  w      .text	00000000 SPI1_IRQHandler
00000152  w      .text	00000000 TAMPER_IRQHandler
00000144  w      .text	00000000 Ecall_M_Mode_Handler
0000016a  w      .text	00000000 DMA1_Channel4_IRQHandler
0000019c  w      .text	00000000 USART3_IRQHandler
00000154  w      .text	00000000 RTC_IRQHandler
20000058 g       .bss	00000000 _ebss
00000170  w      .text	00000000 DMA1_Channel7_IRQHandler
00000178  w      .text	00000000 CAN1_RX1_IRQHandler
0000018a  w      .text	00000000 TIM4_IRQHandler
0000018c  w      .text	00000000 I2C1_EV_IRQHandler
000001a4  w      .text	00000000 USBHD_IRQHandler
0000016e  w      .text	00000000 DMA1_Channel6_IRQHandler
000001a8  w      .text	00000000 UART4_IRQHandler
0000042c g     F .text	0000004a TIM3_IRQHandler
00000158  w      .text	00000000 RCC_IRQHandler
00000b32 g     F .text	0000015a RVMSIS_GPIO_init
00000182  w      .text	00000000 TIM1_TRG_COM_IRQHandler
00000164  w      .text	00000000 DMA1_Channel1_IRQHandler
00000000 g       .init	00000000 _start
0000019e  w      .text	00000000 EXTI15_10_IRQHandler
000001aa  w      .text	00000000 DMA1_Channel8_IRQHandler
20000000 g       .dalign	00000000 _data_vma
0000017c  w      .text	00000000 EXTI9_5_IRQHandler
00000794 g     F .text	0000002a Delay_ms
20000040 g     O .bss	0000000b Flash_data_CH32
2000004c g     O .bss	0000000b Flash_data_CH32_read
00000196  w      .text	00000000 SPI2_IRQHandler
00000faa g     F .text	00000116 main
000004e8 g     F .text	00000070 RVMSIS_Debug_init
0000016c  w      .text	00000000 DMA1_Channel5_IRQHandler
00000162  w      .text	00000000 EXTI4_IRQHandler
00000176  w      .text	00000000 USB_LP_CAN1_RX0_IRQHandler
00000174  w      .text	00000000 USB_HP_CAN1_TX_IRQHandler
00000000 g       .init	00000000 _sinit
20000028 g     O .bss	00000018 husart2
000001a6  w      .text	00000000 USBHDWakeUp_IRQHandler
00000168  w      .text	00000000 DMA1_Channel3_IRQHandler
00000180  w      .text	00000000 TIM1_UP_IRQHandler
0000014e  w      .text	00000000 WWDG_IRQHandler
00000146  w      .text	00000000 Ecall_U_Mode_Handler
00000186  w      .text	00000000 TIM2_IRQHandler
20005000 g       .stack	00000000 _eusrstack
20000000 g     O .bss	00000004 SysTimer_ms
0000017e  w      .text	00000000 TIM1_BRK_IRQHandler
0000015c  w      .text	00000000 EXTI1_IRQHandler
20000000 g       .data	00000000 _edata
00000cb6 g     F .text	0000001e RVMSIS_FLASH_Lock
000001a0  w      .text	00000000 RTCAlarm_IRQHandler
000010c4 g       .dlalign	00000000 _data_lma
0000037e g     F .text	000000ae USART2_IRQHandler
00000558 g     F .text	000001a2 RVMSIS_RCC_SystemClock_144MHz
00000192  w      .text	00000000 I2C2_ER_IRQHandler
00000166  w      .text	00000000 DMA1_Channel2_IRQHandler
20000010 g     O .bss	00000018 husart1
00000d40 g     F .text	00000166 RVMSIS_FLASH_Page_write
000001ac  w      .text	00000000 handle_reset
0000017a  w      .text	00000000 CAN1_SCE_IRQHandler
00000156  w      .text	00000000 FLASH_IRQHandler
000002ac g     F .text	000000d2 USART1_IRQHandler
0000018e  w      .text	00000000 I2C1_ER_IRQHandler
000001a2  w      .text	00000000 USBWakeUp_IRQHandler



Disassembly of section .init:

00000000 <_sinit>:
   0:	1ac0006f          	j	1ac <handle_reset>
   4:	00000013          	nop
   8:	00000013          	nop
   c:	00000013          	nop
  10:	00000013          	nop
  14:	00000013          	nop
  18:	00000013          	nop
  1c:	00000013          	nop
  20:	00000013          	nop
  24:	00000013          	nop
  28:	00000013          	nop
  2c:	00000013          	nop
  30:	00000013          	nop
  34:	00100073          	ebreak

Disassembly of section .vector:

00000038 <_vector_base>:
	...
  40:	0140                	addi	s0,sp,132
  42:	0000                	unimp
  44:	0142                	slli	sp,sp,0x10
  46:	0000                	unimp
  48:	0000                	unimp
  4a:	0000                	unimp
  4c:	0144                	addi	s1,sp,132
	...
  56:	0000                	unimp
  58:	0146                	slli	sp,sp,0x11
  5a:	0000                	unimp
  5c:	0148                	addi	a0,sp,132
	...
  66:	0000                	unimp
  68:	0236                	slli	tp,tp,0xd
  6a:	0000                	unimp
  6c:	0000                	unimp
  6e:	0000                	unimp
  70:	014c                	addi	a1,sp,132
  72:	0000                	unimp
  74:	0000                	unimp
  76:	0000                	unimp
  78:	014e                	slli	sp,sp,0x13
  7a:	0000                	unimp
  7c:	0150                	addi	a2,sp,132
  7e:	0000                	unimp
  80:	0152                	slli	sp,sp,0x14
  82:	0000                	unimp
  84:	0154                	addi	a3,sp,132
  86:	0000                	unimp
  88:	0156                	slli	sp,sp,0x15
  8a:	0000                	unimp
  8c:	0158                	addi	a4,sp,132
  8e:	0000                	unimp
  90:	015a                	slli	sp,sp,0x16
  92:	0000                	unimp
  94:	015c                	addi	a5,sp,132
  96:	0000                	unimp
  98:	015e                	slli	sp,sp,0x17
  9a:	0000                	unimp
  9c:	0160                	addi	s0,sp,140
  9e:	0000                	unimp
  a0:	0162                	slli	sp,sp,0x18
  a2:	0000                	unimp
  a4:	0164                	addi	s1,sp,140
  a6:	0000                	unimp
  a8:	0166                	slli	sp,sp,0x19
  aa:	0000                	unimp
  ac:	0168                	addi	a0,sp,140
  ae:	0000                	unimp
  b0:	016a                	slli	sp,sp,0x1a
  b2:	0000                	unimp
  b4:	016c                	addi	a1,sp,140
  b6:	0000                	unimp
  b8:	016e                	slli	sp,sp,0x1b
  ba:	0000                	unimp
  bc:	0170                	addi	a2,sp,140
  be:	0000                	unimp
  c0:	0172                	slli	sp,sp,0x1c
  c2:	0000                	unimp
  c4:	0174                	addi	a3,sp,140
  c6:	0000                	unimp
  c8:	0176                	slli	sp,sp,0x1d
  ca:	0000                	unimp
  cc:	0178                	addi	a4,sp,140
  ce:	0000                	unimp
  d0:	017a                	slli	sp,sp,0x1e
  d2:	0000                	unimp
  d4:	017c                	addi	a5,sp,140
  d6:	0000                	unimp
  d8:	017e                	slli	sp,sp,0x1f
  da:	0000                	unimp
  dc:	0180                	addi	s0,sp,192
  de:	0000                	unimp
  e0:	0182                	c.slli64	gp
  e2:	0000                	unimp
  e4:	0184                	addi	s1,sp,192
  e6:	0000                	unimp
  e8:	0186                	slli	gp,gp,0x1
  ea:	0000                	unimp
  ec:	042c                	addi	a1,sp,520
  ee:	0000                	unimp
  f0:	018a                	slli	gp,gp,0x2
  f2:	0000                	unimp
  f4:	018c                	addi	a1,sp,192
  f6:	0000                	unimp
  f8:	018e                	slli	gp,gp,0x3
  fa:	0000                	unimp
  fc:	0190                	addi	a2,sp,192
  fe:	0000                	unimp
 100:	0192                	slli	gp,gp,0x4
 102:	0000                	unimp
 104:	0194                	addi	a3,sp,192
 106:	0000                	unimp
 108:	0196                	slli	gp,gp,0x5
 10a:	0000                	unimp
 10c:	02ac                	addi	a1,sp,328
 10e:	0000                	unimp
 110:	037e                	slli	t1,t1,0x1f
 112:	0000                	unimp
 114:	019c                	addi	a5,sp,192
 116:	0000                	unimp
 118:	019e                	slli	gp,gp,0x7
 11a:	0000                	unimp
 11c:	01a0                	addi	s0,sp,200
 11e:	0000                	unimp
 120:	01a2                	slli	gp,gp,0x8
 122:	0000                	unimp
 124:	01a4                	addi	s1,sp,200
 126:	0000                	unimp
 128:	01a6                	slli	gp,gp,0x9
 12a:	0000                	unimp
 12c:	01a8                	addi	a0,sp,200
 12e:	0000                	unimp
 130:	01aa                	slli	gp,gp,0xa
	...

Disassembly of section .text:

00000140 <NMI_Handler>:
     140:	a001                	j	140 <NMI_Handler>

00000142 <HardFault_Handler>:
     142:	a001                	j	142 <HardFault_Handler>

00000144 <Ecall_M_Mode_Handler>:
     144:	a001                	j	144 <Ecall_M_Mode_Handler>

00000146 <Ecall_U_Mode_Handler>:
     146:	a001                	j	146 <Ecall_U_Mode_Handler>

00000148 <Break_Point_Handler>:
     148:	a001                	j	148 <Break_Point_Handler>
     14a:	a001                	j	14a <Break_Point_Handler+0x2>

0000014c <SW_handler>:
     14c:	a001                	j	14c <SW_handler>

0000014e <WWDG_IRQHandler>:
     14e:	a001                	j	14e <WWDG_IRQHandler>

00000150 <PVD_IRQHandler>:
     150:	a001                	j	150 <PVD_IRQHandler>

00000152 <TAMPER_IRQHandler>:
     152:	a001                	j	152 <TAMPER_IRQHandler>

00000154 <RTC_IRQHandler>:
     154:	a001                	j	154 <RTC_IRQHandler>

00000156 <FLASH_IRQHandler>:
     156:	a001                	j	156 <FLASH_IRQHandler>

00000158 <RCC_IRQHandler>:
     158:	a001                	j	158 <RCC_IRQHandler>

0000015a <EXTI0_IRQHandler>:
     15a:	a001                	j	15a <EXTI0_IRQHandler>

0000015c <EXTI1_IRQHandler>:
     15c:	a001                	j	15c <EXTI1_IRQHandler>

0000015e <EXTI2_IRQHandler>:
     15e:	a001                	j	15e <EXTI2_IRQHandler>

00000160 <EXTI3_IRQHandler>:
     160:	a001                	j	160 <EXTI3_IRQHandler>

00000162 <EXTI4_IRQHandler>:
     162:	a001                	j	162 <EXTI4_IRQHandler>

00000164 <DMA1_Channel1_IRQHandler>:
     164:	a001                	j	164 <DMA1_Channel1_IRQHandler>

00000166 <DMA1_Channel2_IRQHandler>:
     166:	a001                	j	166 <DMA1_Channel2_IRQHandler>

00000168 <DMA1_Channel3_IRQHandler>:
     168:	a001                	j	168 <DMA1_Channel3_IRQHandler>

0000016a <DMA1_Channel4_IRQHandler>:
     16a:	a001                	j	16a <DMA1_Channel4_IRQHandler>

0000016c <DMA1_Channel5_IRQHandler>:
     16c:	a001                	j	16c <DMA1_Channel5_IRQHandler>

0000016e <DMA1_Channel6_IRQHandler>:
     16e:	a001                	j	16e <DMA1_Channel6_IRQHandler>

00000170 <DMA1_Channel7_IRQHandler>:
     170:	a001                	j	170 <DMA1_Channel7_IRQHandler>

00000172 <ADC1_2_IRQHandler>:
     172:	a001                	j	172 <ADC1_2_IRQHandler>

00000174 <USB_HP_CAN1_TX_IRQHandler>:
     174:	a001                	j	174 <USB_HP_CAN1_TX_IRQHandler>

00000176 <USB_LP_CAN1_RX0_IRQHandler>:
     176:	a001                	j	176 <USB_LP_CAN1_RX0_IRQHandler>

00000178 <CAN1_RX1_IRQHandler>:
     178:	a001                	j	178 <CAN1_RX1_IRQHandler>

0000017a <CAN1_SCE_IRQHandler>:
     17a:	a001                	j	17a <CAN1_SCE_IRQHandler>

0000017c <EXTI9_5_IRQHandler>:
     17c:	a001                	j	17c <EXTI9_5_IRQHandler>

0000017e <TIM1_BRK_IRQHandler>:
     17e:	a001                	j	17e <TIM1_BRK_IRQHandler>

00000180 <TIM1_UP_IRQHandler>:
     180:	a001                	j	180 <TIM1_UP_IRQHandler>

00000182 <TIM1_TRG_COM_IRQHandler>:
     182:	a001                	j	182 <TIM1_TRG_COM_IRQHandler>

00000184 <TIM1_CC_IRQHandler>:
     184:	a001                	j	184 <TIM1_CC_IRQHandler>

00000186 <TIM2_IRQHandler>:
     186:	a001                	j	186 <TIM2_IRQHandler>
     188:	a001                	j	188 <TIM2_IRQHandler+0x2>

0000018a <TIM4_IRQHandler>:
     18a:	a001                	j	18a <TIM4_IRQHandler>

0000018c <I2C1_EV_IRQHandler>:
     18c:	a001                	j	18c <I2C1_EV_IRQHandler>

0000018e <I2C1_ER_IRQHandler>:
     18e:	a001                	j	18e <I2C1_ER_IRQHandler>

00000190 <I2C2_EV_IRQHandler>:
     190:	a001                	j	190 <I2C2_EV_IRQHandler>

00000192 <I2C2_ER_IRQHandler>:
     192:	a001                	j	192 <I2C2_ER_IRQHandler>

00000194 <SPI1_IRQHandler>:
     194:	a001                	j	194 <SPI1_IRQHandler>

00000196 <SPI2_IRQHandler>:
     196:	a001                	j	196 <SPI2_IRQHandler>
     198:	a001                	j	198 <SPI2_IRQHandler+0x2>
     19a:	a001                	j	19a <SPI2_IRQHandler+0x4>

0000019c <USART3_IRQHandler>:
     19c:	a001                	j	19c <USART3_IRQHandler>

0000019e <EXTI15_10_IRQHandler>:
     19e:	a001                	j	19e <EXTI15_10_IRQHandler>

000001a0 <RTCAlarm_IRQHandler>:
     1a0:	a001                	j	1a0 <RTCAlarm_IRQHandler>

000001a2 <USBWakeUp_IRQHandler>:
     1a2:	a001                	j	1a2 <USBWakeUp_IRQHandler>

000001a4 <USBHD_IRQHandler>:
     1a4:	a001                	j	1a4 <USBHD_IRQHandler>

000001a6 <USBHDWakeUp_IRQHandler>:
     1a6:	a001                	j	1a6 <USBHDWakeUp_IRQHandler>

000001a8 <UART4_IRQHandler>:
     1a8:	a001                	j	1a8 <UART4_IRQHandler>

000001aa <DMA1_Channel8_IRQHandler>:
     1aa:	a001                	j	1aa <DMA1_Channel8_IRQHandler>

000001ac <handle_reset>:
     1ac:	20000197          	auipc	gp,0x20000
     1b0:	65418193          	addi	gp,gp,1620 # 20000800 <__global_pointer$>
     1b4:	20005117          	auipc	sp,0x20005
     1b8:	e4c10113          	addi	sp,sp,-436 # 20005000 <_eusrstack>
     1bc:	00001517          	auipc	a0,0x1
     1c0:	f0850513          	addi	a0,a0,-248 # 10c4 <_data_lma>
     1c4:	20000597          	auipc	a1,0x20000
     1c8:	e3c58593          	addi	a1,a1,-452 # 20000000 <_data_vma>
     1cc:	20000617          	auipc	a2,0x20000
     1d0:	e3460613          	addi	a2,a2,-460 # 20000000 <_data_vma>
     1d4:	00c5fa63          	bgeu	a1,a2,1e8 <handle_reset+0x3c>
     1d8:	00052283          	lw	t0,0(a0)
     1dc:	0055a023          	sw	t0,0(a1)
     1e0:	0511                	addi	a0,a0,4
     1e2:	0591                	addi	a1,a1,4
     1e4:	fec5eae3          	bltu	a1,a2,1d8 <handle_reset+0x2c>
     1e8:	20000517          	auipc	a0,0x20000
     1ec:	e1850513          	addi	a0,a0,-488 # 20000000 <_data_vma>
     1f0:	85818593          	addi	a1,gp,-1960 # 20000058 <_ebss>
     1f4:	00b57763          	bgeu	a0,a1,202 <__stack_size+0x2>
     1f8:	00052023          	sw	zero,0(a0)
     1fc:	0511                	addi	a0,a0,4
     1fe:	feb56de3          	bltu	a0,a1,1f8 <handle_reset+0x4c>
     202:	42fd                	li	t0,31
     204:	bc029073          	csrw	0xbc0,t0
     208:	428d                	li	t0,3
     20a:	80429073          	csrw	0x804,t0
     20e:	08800293          	li	t0,136
     212:	3002a073          	csrs	mstatus,t0
     216:	00000297          	auipc	t0,0x0
     21a:	e2228293          	addi	t0,t0,-478 # 38 <_einit>
     21e:	0032e293          	ori	t0,t0,3
     222:	30529073          	csrw	mtvec,t0
     226:	00001297          	auipc	t0,0x1
     22a:	d8428293          	addi	t0,t0,-636 # faa <main>
     22e:	34129073          	csrw	mepc,t0
     232:	30200073          	mret

00000236 <SysTick_Handler>:
     236:	1141                	addi	sp,sp,-16
     238:	c622                	sw	s0,12(sp)
     23a:	c43a                	sw	a4,8(sp)
     23c:	c23e                	sw	a5,4(sp)
     23e:	0800                	addi	s0,sp,16
     240:	e000f7b7          	lui	a5,0xe000f
     244:	43d8                	lw	a4,4(a5)
     246:	e000f7b7          	lui	a5,0xe000f
     24a:	9b79                	andi	a4,a4,-2
     24c:	c3d8                	sw	a4,4(a5)
     24e:	200007b7          	lui	a5,0x20000
     252:	0007a783          	lw	a5,0(a5) # 20000000 <_data_vma>
     256:	00178713          	addi	a4,a5,1
     25a:	200007b7          	lui	a5,0x20000
     25e:	00e7a023          	sw	a4,0(a5) # 20000000 <_data_vma>
     262:	200007b7          	lui	a5,0x20000
     266:	0047a783          	lw	a5,4(a5) # 20000004 <Delay_counter_ms>
     26a:	cb99                	beqz	a5,280 <SysTick_Handler+0x4a>
     26c:	200007b7          	lui	a5,0x20000
     270:	0047a783          	lw	a5,4(a5) # 20000004 <Delay_counter_ms>
     274:	fff78713          	addi	a4,a5,-1
     278:	200007b7          	lui	a5,0x20000
     27c:	00e7a223          	sw	a4,4(a5) # 20000004 <Delay_counter_ms>
     280:	200007b7          	lui	a5,0x20000
     284:	0087a783          	lw	a5,8(a5) # 20000008 <Timeout_counter_ms>
     288:	cb99                	beqz	a5,29e <SysTick_Handler+0x68>
     28a:	200007b7          	lui	a5,0x20000
     28e:	0087a783          	lw	a5,8(a5) # 20000008 <Timeout_counter_ms>
     292:	fff78713          	addi	a4,a5,-1
     296:	200007b7          	lui	a5,0x20000
     29a:	00e7a423          	sw	a4,8(a5) # 20000008 <Timeout_counter_ms>
     29e:	0001                	nop
     2a0:	4432                	lw	s0,12(sp)
     2a2:	4722                	lw	a4,8(sp)
     2a4:	4792                	lw	a5,4(sp)
     2a6:	0141                	addi	sp,sp,16
     2a8:	30200073          	mret

000002ac <USART1_IRQHandler>:
     2ac:	1141                	addi	sp,sp,-16
     2ae:	c622                	sw	s0,12(sp)
     2b0:	c436                	sw	a3,8(sp)
     2b2:	c23a                	sw	a4,4(sp)
     2b4:	c03e                	sw	a5,0(sp)
     2b6:	0800                	addi	s0,sp,16
     2b8:	400147b7          	lui	a5,0x40014
     2bc:	80078793          	addi	a5,a5,-2048 # 40013800 <_eusrstack+0x2000e800>
     2c0:	239e                	lhu	a5,0(a5)
     2c2:	07c2                	slli	a5,a5,0x10
     2c4:	83c1                	srli	a5,a5,0x10
     2c6:	0207f793          	andi	a5,a5,32
     2ca:	c7a5                	beqz	a5,332 <USART1_IRQHandler+0x86>
     2cc:	200007b7          	lui	a5,0x20000
     2d0:	01078793          	addi	a5,a5,16 # 20000010 <husart1>
     2d4:	2bda                	lhu	a4,20(a5)
     2d6:	47cd                	li	a5,19
     2d8:	04e7e763          	bltu	a5,a4,326 <USART1_IRQHandler+0x7a>
     2dc:	400147b7          	lui	a5,0x40014
     2e0:	80078793          	addi	a5,a5,-2048 # 40013800 <_eusrstack+0x2000e800>
     2e4:	23de                	lhu	a5,4(a5)
     2e6:	01079713          	slli	a4,a5,0x10
     2ea:	8341                	srli	a4,a4,0x10
     2ec:	200007b7          	lui	a5,0x20000
     2f0:	01078793          	addi	a5,a5,16 # 20000010 <husart1>
     2f4:	2bde                	lhu	a5,20(a5)
     2f6:	86be                	mv	a3,a5
     2f8:	0ff77713          	andi	a4,a4,255
     2fc:	200007b7          	lui	a5,0x20000
     300:	01078793          	addi	a5,a5,16 # 20000010 <husart1>
     304:	97b6                	add	a5,a5,a3
     306:	a398                	sb	a4,0(a5)
     308:	200007b7          	lui	a5,0x20000
     30c:	01078793          	addi	a5,a5,16 # 20000010 <husart1>
     310:	2bde                	lhu	a5,20(a5)
     312:	0785                	addi	a5,a5,1
     314:	01079713          	slli	a4,a5,0x10
     318:	8341                	srli	a4,a4,0x10
     31a:	200007b7          	lui	a5,0x20000
     31e:	01078793          	addi	a5,a5,16 # 20000010 <husart1>
     322:	abda                	sh	a4,20(a5)
     324:	a039                	j	332 <USART1_IRQHandler+0x86>
     326:	200007b7          	lui	a5,0x20000
     32a:	01078793          	addi	a5,a5,16 # 20000010 <husart1>
     32e:	00079a23          	sh	zero,20(a5)
     332:	400147b7          	lui	a5,0x40014
     336:	80078793          	addi	a5,a5,-2048 # 40013800 <_eusrstack+0x2000e800>
     33a:	239e                	lhu	a5,0(a5)
     33c:	07c2                	slli	a5,a5,0x10
     33e:	83c1                	srli	a5,a5,0x10
     340:	8bc1                	andi	a5,a5,16
     342:	c795                	beqz	a5,36e <USART1_IRQHandler+0xc2>
     344:	400147b7          	lui	a5,0x40014
     348:	80078793          	addi	a5,a5,-2048 # 40013800 <_eusrstack+0x2000e800>
     34c:	23de                	lhu	a5,4(a5)
     34e:	200007b7          	lui	a5,0x20000
     352:	01078793          	addi	a5,a5,16 # 20000010 <husart1>
     356:	2bda                	lhu	a4,20(a5)
     358:	200007b7          	lui	a5,0x20000
     35c:	01078793          	addi	a5,a5,16 # 20000010 <husart1>
     360:	abfa                	sh	a4,22(a5)
     362:	200007b7          	lui	a5,0x20000
     366:	01078793          	addi	a5,a5,16 # 20000010 <husart1>
     36a:	00079a23          	sh	zero,20(a5)
     36e:	0001                	nop
     370:	4432                	lw	s0,12(sp)
     372:	46a2                	lw	a3,8(sp)
     374:	4712                	lw	a4,4(sp)
     376:	4782                	lw	a5,0(sp)
     378:	0141                	addi	sp,sp,16
     37a:	30200073          	mret

0000037e <USART2_IRQHandler>:
     37e:	1141                	addi	sp,sp,-16
     380:	c622                	sw	s0,12(sp)
     382:	c436                	sw	a3,8(sp)
     384:	c23a                	sw	a4,4(sp)
     386:	c03e                	sw	a5,0(sp)
     388:	0800                	addi	s0,sp,16
     38a:	400047b7          	lui	a5,0x40004
     38e:	40078793          	addi	a5,a5,1024 # 40004400 <_eusrstack+0x1ffff400>
     392:	239e                	lhu	a5,0(a5)
     394:	07c2                	slli	a5,a5,0x10
     396:	83c1                	srli	a5,a5,0x10
     398:	0207f793          	andi	a5,a5,32
     39c:	cba1                	beqz	a5,3ec <USART2_IRQHandler+0x6e>
     39e:	82818793          	addi	a5,gp,-2008 # 20000028 <husart2>
     3a2:	2bda                	lhu	a4,20(a5)
     3a4:	47cd                	li	a5,19
     3a6:	02e7ef63          	bltu	a5,a4,3e4 <USART2_IRQHandler+0x66>
     3aa:	400047b7          	lui	a5,0x40004
     3ae:	40078793          	addi	a5,a5,1024 # 40004400 <_eusrstack+0x1ffff400>
     3b2:	23de                	lhu	a5,4(a5)
     3b4:	01079713          	slli	a4,a5,0x10
     3b8:	8341                	srli	a4,a4,0x10
     3ba:	82818793          	addi	a5,gp,-2008 # 20000028 <husart2>
     3be:	2bde                	lhu	a5,20(a5)
     3c0:	86be                	mv	a3,a5
     3c2:	0ff77713          	andi	a4,a4,255
     3c6:	82818793          	addi	a5,gp,-2008 # 20000028 <husart2>
     3ca:	97b6                	add	a5,a5,a3
     3cc:	a398                	sb	a4,0(a5)
     3ce:	82818793          	addi	a5,gp,-2008 # 20000028 <husart2>
     3d2:	2bde                	lhu	a5,20(a5)
     3d4:	0785                	addi	a5,a5,1
     3d6:	01079713          	slli	a4,a5,0x10
     3da:	8341                	srli	a4,a4,0x10
     3dc:	82818793          	addi	a5,gp,-2008 # 20000028 <husart2>
     3e0:	abda                	sh	a4,20(a5)
     3e2:	a029                	j	3ec <USART2_IRQHandler+0x6e>
     3e4:	82818793          	addi	a5,gp,-2008 # 20000028 <husart2>
     3e8:	00079a23          	sh	zero,20(a5)
     3ec:	400047b7          	lui	a5,0x40004
     3f0:	40078793          	addi	a5,a5,1024 # 40004400 <_eusrstack+0x1ffff400>
     3f4:	239e                	lhu	a5,0(a5)
     3f6:	07c2                	slli	a5,a5,0x10
     3f8:	83c1                	srli	a5,a5,0x10
     3fa:	8bc1                	andi	a5,a5,16
     3fc:	c385                	beqz	a5,41c <USART2_IRQHandler+0x9e>
     3fe:	400047b7          	lui	a5,0x40004
     402:	40078793          	addi	a5,a5,1024 # 40004400 <_eusrstack+0x1ffff400>
     406:	23de                	lhu	a5,4(a5)
     408:	82818793          	addi	a5,gp,-2008 # 20000028 <husart2>
     40c:	2bda                	lhu	a4,20(a5)
     40e:	82818793          	addi	a5,gp,-2008 # 20000028 <husart2>
     412:	abfa                	sh	a4,22(a5)
     414:	82818793          	addi	a5,gp,-2008 # 20000028 <husart2>
     418:	00079a23          	sh	zero,20(a5)
     41c:	0001                	nop
     41e:	4432                	lw	s0,12(sp)
     420:	46a2                	lw	a3,8(sp)
     422:	4712                	lw	a4,4(sp)
     424:	4782                	lw	a5,0(sp)
     426:	0141                	addi	sp,sp,16
     428:	30200073          	mret

0000042c <TIM3_IRQHandler>:
     42c:	1141                	addi	sp,sp,-16
     42e:	c622                	sw	s0,12(sp)
     430:	c43a                	sw	a4,8(sp)
     432:	c23e                	sw	a5,4(sp)
     434:	0800                	addi	s0,sp,16
     436:	400007b7          	lui	a5,0x40000
     43a:	40078793          	addi	a5,a5,1024 # 40000400 <_eusrstack+0x1fffb400>
     43e:	2b9e                	lhu	a5,16(a5)
     440:	07c2                	slli	a5,a5,0x10
     442:	83c1                	srli	a5,a5,0x10
     444:	8b85                	andi	a5,a5,1
     446:	c38d                	beqz	a5,468 <TIM3_IRQHandler+0x3c>
     448:	400007b7          	lui	a5,0x40000
     44c:	40078793          	addi	a5,a5,1024 # 40000400 <_eusrstack+0x1fffb400>
     450:	2b9e                	lhu	a5,16(a5)
     452:	01079713          	slli	a4,a5,0x10
     456:	8341                	srli	a4,a4,0x10
     458:	400007b7          	lui	a5,0x40000
     45c:	40078793          	addi	a5,a5,1024 # 40000400 <_eusrstack+0x1fffb400>
     460:	9b79                	andi	a4,a4,-2
     462:	0742                	slli	a4,a4,0x10
     464:	8341                	srli	a4,a4,0x10
     466:	ab9a                	sh	a4,16(a5)
     468:	0001                	nop
     46a:	4432                	lw	s0,12(sp)
     46c:	4722                	lw	a4,8(sp)
     46e:	4792                	lw	a5,4(sp)
     470:	0141                	addi	sp,sp,16
     472:	30200073          	mret

00000476 <NVIC_EnableIRQ>:
     476:	1101                	addi	sp,sp,-32
     478:	ce22                	sw	s0,28(sp)
     47a:	1000                	addi	s0,sp,32
     47c:	fea42623          	sw	a0,-20(s0)
     480:	fec42783          	lw	a5,-20(s0)
     484:	8bfd                	andi	a5,a5,31
     486:	4705                	li	a4,1
     488:	00f716b3          	sll	a3,a4,a5
     48c:	e000e737          	lui	a4,0xe000e
     490:	fec42783          	lw	a5,-20(s0)
     494:	8395                	srli	a5,a5,0x5
     496:	04078793          	addi	a5,a5,64
     49a:	078a                	slli	a5,a5,0x2
     49c:	97ba                	add	a5,a5,a4
     49e:	c394                	sw	a3,0(a5)
     4a0:	0001                	nop
     4a2:	4472                	lw	s0,28(sp)
     4a4:	6105                	addi	sp,sp,32
     4a6:	8082                	ret

000004a8 <NVIC_SetPriority>:
     4a8:	1101                	addi	sp,sp,-32
     4aa:	ce22                	sw	s0,28(sp)
     4ac:	1000                	addi	s0,sp,32
     4ae:	fea42623          	sw	a0,-20(s0)
     4b2:	87ae                	mv	a5,a1
     4b4:	fef405a3          	sb	a5,-21(s0)
     4b8:	feb44703          	lbu	a4,-21(s0)
     4bc:	479d                	li	a5,7
     4be:	00e7f563          	bgeu	a5,a4,4c8 <NVIC_SetPriority+0x20>
     4c2:	479d                	li	a5,7
     4c4:	fef405a3          	sb	a5,-21(s0)
     4c8:	e000e6b7          	lui	a3,0xe000e
     4cc:	feb44783          	lbu	a5,-21(s0)
     4d0:	0796                	slli	a5,a5,0x5
     4d2:	0ff7f713          	andi	a4,a5,255
     4d6:	fec42783          	lw	a5,-20(s0)
     4da:	97b6                	add	a5,a5,a3
     4dc:	40e78023          	sb	a4,1024(a5)
     4e0:	0001                	nop
     4e2:	4472                	lw	s0,28(sp)
     4e4:	6105                	addi	sp,sp,32
     4e6:	8082                	ret

000004e8 <RVMSIS_Debug_init>:
     4e8:	1141                	addi	sp,sp,-16
     4ea:	c622                	sw	s0,12(sp)
     4ec:	0800                	addi	s0,sp,16
     4ee:	400217b7          	lui	a5,0x40021
     4f2:	4f98                	lw	a4,24(a5)
     4f4:	400217b7          	lui	a5,0x40021
     4f8:	00476713          	ori	a4,a4,4
     4fc:	cf98                	sw	a4,24(a5)
     4fe:	400217b7          	lui	a5,0x40021
     502:	4f98                	lw	a4,24(a5)
     504:	400217b7          	lui	a5,0x40021
     508:	00176713          	ori	a4,a4,1
     50c:	cf98                	sw	a4,24(a5)
     50e:	400107b7          	lui	a5,0x40010
     512:	43d4                	lw	a3,4(a5)
     514:	400107b7          	lui	a5,0x40010
     518:	f9000737          	lui	a4,0xf9000
     51c:	177d                	addi	a4,a4,-1
     51e:	8f75                	and	a4,a4,a3
     520:	c3d8                	sw	a4,4(a5)
     522:	400117b7          	lui	a5,0x40011
     526:	80078793          	addi	a5,a5,-2048 # 40010800 <_eusrstack+0x2000b800>
     52a:	6759                	lui	a4,0x16
     52c:	cf98                	sw	a4,24(a5)
     52e:	400117b7          	lui	a5,0x40011
     532:	80078793          	addi	a5,a5,-2048 # 40010800 <_eusrstack+0x2000b800>
     536:	6719                	lui	a4,0x6
     538:	cf98                	sw	a4,24(a5)
     53a:	400117b7          	lui	a5,0x40011
     53e:	80078793          	addi	a5,a5,-2048 # 40010800 <_eusrstack+0x2000b800>
     542:	6759                	lui	a4,0x16
     544:	cf98                	sw	a4,24(a5)
     546:	400117b7          	lui	a5,0x40011
     54a:	80078793          	addi	a5,a5,-2048 # 40010800 <_eusrstack+0x2000b800>
     54e:	4f9c                	lw	a5,24(a5)
     550:	0001                	nop
     552:	4432                	lw	s0,12(sp)
     554:	0141                	addi	sp,sp,16
     556:	8082                	ret

00000558 <RVMSIS_RCC_SystemClock_144MHz>:
     558:	1141                	addi	sp,sp,-16
     55a:	c622                	sw	s0,12(sp)
     55c:	0800                	addi	s0,sp,16
     55e:	400217b7          	lui	a5,0x40021
     562:	4398                	lw	a4,0(a5)
     564:	400217b7          	lui	a5,0x40021
     568:	00176713          	ori	a4,a4,1
     56c:	c398                	sw	a4,0(a5)
     56e:	0001                	nop
     570:	400217b7          	lui	a5,0x40021
     574:	439c                	lw	a5,0(a5)
     576:	8b89                	andi	a5,a5,2
     578:	dfe5                	beqz	a5,570 <RVMSIS_RCC_SystemClock_144MHz+0x18>
     57a:	400217b7          	lui	a5,0x40021
     57e:	4394                	lw	a3,0(a5)
     580:	400217b7          	lui	a5,0x40021
     584:	fffc0737          	lui	a4,0xfffc0
     588:	177d                	addi	a4,a4,-1
     58a:	8f75                	and	a4,a4,a3
     58c:	c398                	sw	a4,0(a5)
     58e:	400217b7          	lui	a5,0x40021
     592:	4394                	lw	a3,0(a5)
     594:	400217b7          	lui	a5,0x40021
     598:	6741                	lui	a4,0x10
     59a:	8f55                	or	a4,a4,a3
     59c:	c398                	sw	a4,0(a5)
     59e:	0001                	nop
     5a0:	400217b7          	lui	a5,0x40021
     5a4:	4398                	lw	a4,0(a5)
     5a6:	000207b7          	lui	a5,0x20
     5aa:	8ff9                	and	a5,a5,a4
     5ac:	dbf5                	beqz	a5,5a0 <RVMSIS_RCC_SystemClock_144MHz+0x48>
     5ae:	400217b7          	lui	a5,0x40021
     5b2:	4394                	lw	a3,0(a5)
     5b4:	400217b7          	lui	a5,0x40021
     5b8:	00080737          	lui	a4,0x80
     5bc:	8f55                	or	a4,a4,a3
     5be:	c398                	sw	a4,0(a5)
     5c0:	400217b7          	lui	a5,0x40021
     5c4:	43dc                	lw	a5,4(a5)
     5c6:	ffc7f713          	andi	a4,a5,-4
     5ca:	400217b7          	lui	a5,0x40021
     5ce:	00176713          	ori	a4,a4,1
     5d2:	c3d8                	sw	a4,4(a5)
     5d4:	400217b7          	lui	a5,0x40021
     5d8:	4394                	lw	a3,0(a5)
     5da:	400217b7          	lui	a5,0x40021
     5de:	ff000737          	lui	a4,0xff000
     5e2:	177d                	addi	a4,a4,-1
     5e4:	8f75                	and	a4,a4,a3
     5e6:	c398                	sw	a4,0(a5)
     5e8:	400217b7          	lui	a5,0x40021
     5ec:	43dc                	lw	a5,4(a5)
     5ee:	f0f7f713          	andi	a4,a5,-241
     5f2:	400217b7          	lui	a5,0x40021
     5f6:	08076713          	ori	a4,a4,128
     5fa:	c3d8                	sw	a4,4(a5)
     5fc:	400227b7          	lui	a5,0x40022
     600:	4b94                	lw	a3,16(a5)
     602:	400227b7          	lui	a5,0x40022
     606:	fe000737          	lui	a4,0xfe000
     60a:	177d                	addi	a4,a4,-1
     60c:	8f75                	and	a4,a4,a3
     60e:	cb98                	sw	a4,16(a5)
     610:	400217b7          	lui	a5,0x40021
     614:	43dc                	lw	a5,4(a5)
     616:	8ff7f713          	andi	a4,a5,-1793
     61a:	400217b7          	lui	a5,0x40021
     61e:	40076713          	ori	a4,a4,1024
     622:	c3d8                	sw	a4,4(a5)
     624:	400217b7          	lui	a5,0x40021
     628:	43d4                	lw	a3,4(a5)
     62a:	400217b7          	lui	a5,0x40021
     62e:	7771                	lui	a4,0xffffc
     630:	7ff70713          	addi	a4,a4,2047 # ffffc7ff <_eusrstack+0xdfff77ff>
     634:	8f75                	and	a4,a4,a3
     636:	c3d8                	sw	a4,4(a5)
     638:	400217b7          	lui	a5,0x40021
     63c:	43d8                	lw	a4,4(a5)
     63e:	77d1                	lui	a5,0xffff4
     640:	17fd                	addi	a5,a5,-1
     642:	00f776b3          	and	a3,a4,a5
     646:	400217b7          	lui	a5,0x40021
     64a:	6721                	lui	a4,0x8
     64c:	8f55                	or	a4,a4,a3
     64e:	c3d8                	sw	a4,4(a5)
     650:	400217b7          	lui	a5,0x40021
     654:	43d4                	lw	a3,4(a5)
     656:	400217b7          	lui	a5,0x40021
     65a:	7701                	lui	a4,0xfffe0
     65c:	177d                	addi	a4,a4,-1
     65e:	8f75                	and	a4,a4,a3
     660:	c3d8                	sw	a4,4(a5)
     662:	400217b7          	lui	a5,0x40021
     666:	43d4                	lw	a3,4(a5)
     668:	400217b7          	lui	a5,0x40021
     66c:	6741                	lui	a4,0x10
     66e:	8f55                	or	a4,a4,a3
     670:	c3d8                	sw	a4,4(a5)
     672:	400217b7          	lui	a5,0x40021
     676:	43d4                	lw	a3,4(a5)
     678:	400217b7          	lui	a5,0x40021
     67c:	003c0737          	lui	a4,0x3c0
     680:	8f55                	or	a4,a4,a3
     682:	c3d8                	sw	a4,4(a5)
     684:	400217b7          	lui	a5,0x40021
     688:	43d8                	lw	a4,4(a5)
     68a:	ff4007b7          	lui	a5,0xff400
     68e:	17fd                	addi	a5,a5,-1
     690:	00f776b3          	and	a3,a4,a5
     694:	400217b7          	lui	a5,0x40021
     698:	00800737          	lui	a4,0x800
     69c:	8f55                	or	a4,a4,a3
     69e:	c3d8                	sw	a4,4(a5)
     6a0:	400217b7          	lui	a5,0x40021
     6a4:	43d8                	lw	a4,4(a5)
     6a6:	f90007b7          	lui	a5,0xf9000
     6aa:	17fd                	addi	a5,a5,-1
     6ac:	00f776b3          	and	a3,a4,a5
     6b0:	400217b7          	lui	a5,0x40021
     6b4:	06000737          	lui	a4,0x6000
     6b8:	8f55                	or	a4,a4,a3
     6ba:	c3d8                	sw	a4,4(a5)
     6bc:	400217b7          	lui	a5,0x40021
     6c0:	4394                	lw	a3,0(a5)
     6c2:	400217b7          	lui	a5,0x40021
     6c6:	01000737          	lui	a4,0x1000
     6ca:	8f55                	or	a4,a4,a3
     6cc:	c398                	sw	a4,0(a5)
     6ce:	400217b7          	lui	a5,0x40021
     6d2:	43dc                	lw	a5,4(a5)
     6d4:	ffc7f713          	andi	a4,a5,-4
     6d8:	400217b7          	lui	a5,0x40021
     6dc:	00276713          	ori	a4,a4,2
     6e0:	c3d8                	sw	a4,4(a5)
     6e2:	0001                	nop
     6e4:	400217b7          	lui	a5,0x40021
     6e8:	4398                	lw	a4,0(a5)
     6ea:	020007b7          	lui	a5,0x2000
     6ee:	8ff9                	and	a5,a5,a4
     6f0:	dbf5                	beqz	a5,6e4 <RVMSIS_RCC_SystemClock_144MHz+0x18c>
     6f2:	0001                	nop
     6f4:	4432                	lw	s0,12(sp)
     6f6:	0141                	addi	sp,sp,16
     6f8:	8082                	ret

000006fa <RVMSIS_SysTick_Timer_init>:
     6fa:	1141                	addi	sp,sp,-16
     6fc:	c606                	sw	ra,12(sp)
     6fe:	c422                	sw	s0,8(sp)
     700:	0800                	addi	s0,sp,16
     702:	e000f7b7          	lui	a5,0xe000f
     706:	4398                	lw	a4,0(a5)
     708:	e000f7b7          	lui	a5,0xe000f
     70c:	9b79                	andi	a4,a4,-2
     70e:	c398                	sw	a4,0(a5)
     710:	e000f7b7          	lui	a5,0xe000f
     714:	4398                	lw	a4,0(a5)
     716:	e000f7b7          	lui	a5,0xe000f
     71a:	00276713          	ori	a4,a4,2
     71e:	c398                	sw	a4,0(a5)
     720:	e000f7b7          	lui	a5,0xe000f
     724:	4398                	lw	a4,0(a5)
     726:	e000f7b7          	lui	a5,0xe000f
     72a:	9b6d                	andi	a4,a4,-5
     72c:	c398                	sw	a4,0(a5)
     72e:	e000f7b7          	lui	a5,0xe000f
     732:	4398                	lw	a4,0(a5)
     734:	e000f7b7          	lui	a5,0xe000f
     738:	00876713          	ori	a4,a4,8
     73c:	c398                	sw	a4,0(a5)
     73e:	e000f7b7          	lui	a5,0xe000f
     742:	4398                	lw	a4,0(a5)
     744:	e000f7b7          	lui	a5,0xe000f
     748:	01076713          	ori	a4,a4,16
     74c:	c398                	sw	a4,0(a5)
     74e:	e000f7b7          	lui	a5,0xe000f
     752:	4398                	lw	a4,0(a5)
     754:	e000f7b7          	lui	a5,0xe000f
     758:	02076713          	ori	a4,a4,32
     75c:	c398                	sw	a4,0(a5)
     75e:	e000f737          	lui	a4,0xe000f
     762:	6789                	lui	a5,0x2
     764:	32778793          	addi	a5,a5,807 # 2327 <_data_lma+0x1263>
     768:	4801                	li	a6,0
     76a:	cb1c                	sw	a5,16(a4)
     76c:	01072a23          	sw	a6,20(a4) # e000f014 <_eusrstack+0xc000a014>
     770:	4531                	li	a0,12
     772:	3311                	jal	476 <NVIC_EnableIRQ>
     774:	459d                	li	a1,7
     776:	4531                	li	a0,12
     778:	3b05                	jal	4a8 <NVIC_SetPriority>
     77a:	e000f7b7          	lui	a5,0xe000f
     77e:	4398                	lw	a4,0(a5)
     780:	e000f7b7          	lui	a5,0xe000f
     784:	00176713          	ori	a4,a4,1
     788:	c398                	sw	a4,0(a5)
     78a:	0001                	nop
     78c:	40b2                	lw	ra,12(sp)
     78e:	4422                	lw	s0,8(sp)
     790:	0141                	addi	sp,sp,16
     792:	8082                	ret

00000794 <Delay_ms>:
     794:	1101                	addi	sp,sp,-32
     796:	ce22                	sw	s0,28(sp)
     798:	1000                	addi	s0,sp,32
     79a:	fea42623          	sw	a0,-20(s0)
     79e:	200007b7          	lui	a5,0x20000
     7a2:	fec42703          	lw	a4,-20(s0)
     7a6:	00e7a223          	sw	a4,4(a5) # 20000004 <Delay_counter_ms>
     7aa:	0001                	nop
     7ac:	200007b7          	lui	a5,0x20000
     7b0:	0047a783          	lw	a5,4(a5) # 20000004 <Delay_counter_ms>
     7b4:	ffe5                	bnez	a5,7ac <Delay_ms+0x18>
     7b6:	0001                	nop
     7b8:	4472                	lw	s0,28(sp)
     7ba:	6105                	addi	sp,sp,32
     7bc:	8082                	ret

000007be <RVMSIS_GPIO_MODE_Set>:
     7be:	7179                	addi	sp,sp,-48
     7c0:	d622                	sw	s0,44(sp)
     7c2:	1800                	addi	s0,sp,48
     7c4:	fca42e23          	sw	a0,-36(s0)
     7c8:	87ae                	mv	a5,a1
     7ca:	8736                	mv	a4,a3
     7cc:	fcf40da3          	sb	a5,-37(s0)
     7d0:	87b2                	mv	a5,a2
     7d2:	fcf40d23          	sb	a5,-38(s0)
     7d6:	87ba                	mv	a5,a4
     7d8:	fcf40ca3          	sb	a5,-39(s0)
     7dc:	fe0407a3          	sb	zero,-17(s0)
     7e0:	fda44783          	lbu	a5,-38(s0)
     7e4:	c789                	beqz	a5,7ee <RVMSIS_GPIO_MODE_Set+0x30>
     7e6:	4705                	li	a4,1
     7e8:	02e78e63          	beq	a5,a4,824 <RVMSIS_GPIO_MODE_Set+0x66>
     7ec:	a8a5                	j	864 <RVMSIS_GPIO_MODE_Set+0xa6>
     7ee:	fdb44783          	lbu	a5,-37(s0)
     7f2:	078a                	slli	a5,a5,0x2
     7f4:	fef407a3          	sb	a5,-17(s0)
     7f8:	fdc42783          	lw	a5,-36(s0)
     7fc:	4398                	lw	a4,0(a5)
     7fe:	fef44783          	lbu	a5,-17(s0)
     802:	468d                	li	a3,3
     804:	00f697b3          	sll	a5,a3,a5
     808:	fff7c793          	not	a5,a5
     80c:	8ff9                	and	a5,a5,a4
     80e:	fd944683          	lbu	a3,-39(s0)
     812:	fef44703          	lbu	a4,-17(s0)
     816:	00e69733          	sll	a4,a3,a4
     81a:	8f5d                	or	a4,a4,a5
     81c:	fdc42783          	lw	a5,-36(s0)
     820:	c398                	sw	a4,0(a5)
     822:	a089                	j	864 <RVMSIS_GPIO_MODE_Set+0xa6>
     824:	fdb44783          	lbu	a5,-37(s0)
     828:	17e1                	addi	a5,a5,-8
     82a:	fcf40da3          	sb	a5,-37(s0)
     82e:	fdb44783          	lbu	a5,-37(s0)
     832:	078a                	slli	a5,a5,0x2
     834:	fef407a3          	sb	a5,-17(s0)
     838:	fdc42783          	lw	a5,-36(s0)
     83c:	43d8                	lw	a4,4(a5)
     83e:	fef44783          	lbu	a5,-17(s0)
     842:	468d                	li	a3,3
     844:	00f697b3          	sll	a5,a3,a5
     848:	fff7c793          	not	a5,a5
     84c:	8ff9                	and	a5,a5,a4
     84e:	fd944683          	lbu	a3,-39(s0)
     852:	fef44703          	lbu	a4,-17(s0)
     856:	00e69733          	sll	a4,a3,a4
     85a:	8f5d                	or	a4,a4,a5
     85c:	fdc42783          	lw	a5,-36(s0)
     860:	c3d8                	sw	a4,4(a5)
     862:	0001                	nop
     864:	0001                	nop
     866:	5432                	lw	s0,44(sp)
     868:	6145                	addi	sp,sp,48
     86a:	8082                	ret

0000086c <RVMSIS_GPIO_SPEED_Set>:
     86c:	7179                	addi	sp,sp,-48
     86e:	d606                	sw	ra,44(sp)
     870:	d422                	sw	s0,40(sp)
     872:	1800                	addi	s0,sp,48
     874:	fca42e23          	sw	a0,-36(s0)
     878:	87ae                	mv	a5,a1
     87a:	8732                	mv	a4,a2
     87c:	fcf40da3          	sb	a5,-37(s0)
     880:	87ba                	mv	a5,a4
     882:	fcf40d23          	sb	a5,-38(s0)
     886:	fe0407a3          	sb	zero,-17(s0)
     88a:	fdb44703          	lbu	a4,-37(s0)
     88e:	479d                	li	a5,7
     890:	00e7e563          	bltu	a5,a4,89a <RVMSIS_GPIO_SPEED_Set+0x2e>
     894:	fe0407a3          	sb	zero,-17(s0)
     898:	a021                	j	8a0 <RVMSIS_GPIO_SPEED_Set+0x34>
     89a:	4785                	li	a5,1
     89c:	fef407a3          	sb	a5,-17(s0)
     8a0:	fda44783          	lbu	a5,-38(s0)
     8a4:	ef81                	bnez	a5,8bc <RVMSIS_GPIO_SPEED_Set+0x50>
     8a6:	fef44703          	lbu	a4,-17(s0)
     8aa:	fdb44783          	lbu	a5,-37(s0)
     8ae:	4681                	li	a3,0
     8b0:	863a                	mv	a2,a4
     8b2:	85be                	mv	a1,a5
     8b4:	fdc42503          	lw	a0,-36(s0)
     8b8:	3719                	jal	7be <RVMSIS_GPIO_MODE_Set>
     8ba:	a085                	j	91a <RVMSIS_GPIO_SPEED_Set+0xae>
     8bc:	fda44703          	lbu	a4,-38(s0)
     8c0:	4785                	li	a5,1
     8c2:	00f71d63          	bne	a4,a5,8dc <RVMSIS_GPIO_SPEED_Set+0x70>
     8c6:	fef44703          	lbu	a4,-17(s0)
     8ca:	fdb44783          	lbu	a5,-37(s0)
     8ce:	4685                	li	a3,1
     8d0:	863a                	mv	a2,a4
     8d2:	85be                	mv	a1,a5
     8d4:	fdc42503          	lw	a0,-36(s0)
     8d8:	35dd                	jal	7be <RVMSIS_GPIO_MODE_Set>
     8da:	a081                	j	91a <RVMSIS_GPIO_SPEED_Set+0xae>
     8dc:	fda44703          	lbu	a4,-38(s0)
     8e0:	4789                	li	a5,2
     8e2:	00f71d63          	bne	a4,a5,8fc <RVMSIS_GPIO_SPEED_Set+0x90>
     8e6:	fef44703          	lbu	a4,-17(s0)
     8ea:	fdb44783          	lbu	a5,-37(s0)
     8ee:	4689                	li	a3,2
     8f0:	863a                	mv	a2,a4
     8f2:	85be                	mv	a1,a5
     8f4:	fdc42503          	lw	a0,-36(s0)
     8f8:	35d9                	jal	7be <RVMSIS_GPIO_MODE_Set>
     8fa:	a005                	j	91a <RVMSIS_GPIO_SPEED_Set+0xae>
     8fc:	fda44703          	lbu	a4,-38(s0)
     900:	478d                	li	a5,3
     902:	00f71c63          	bne	a4,a5,91a <RVMSIS_GPIO_SPEED_Set+0xae>
     906:	fef44703          	lbu	a4,-17(s0)
     90a:	fdb44783          	lbu	a5,-37(s0)
     90e:	468d                	li	a3,3
     910:	863a                	mv	a2,a4
     912:	85be                	mv	a1,a5
     914:	fdc42503          	lw	a0,-36(s0)
     918:	355d                	jal	7be <RVMSIS_GPIO_MODE_Set>
     91a:	0001                	nop
     91c:	50b2                	lw	ra,44(sp)
     91e:	5422                	lw	s0,40(sp)
     920:	6145                	addi	sp,sp,48
     922:	8082                	ret

00000924 <RVMSIS_GPIO_CNF_Set>:
     924:	1101                	addi	sp,sp,-32
     926:	ce22                	sw	s0,28(sp)
     928:	1000                	addi	s0,sp,32
     92a:	fea42623          	sw	a0,-20(s0)
     92e:	87ae                	mv	a5,a1
     930:	8732                	mv	a4,a2
     932:	fed42223          	sw	a3,-28(s0)
     936:	fef405a3          	sb	a5,-21(s0)
     93a:	87ba                	mv	a5,a4
     93c:	fef40523          	sb	a5,-22(s0)
     940:	feb44783          	lbu	a5,-21(s0)
     944:	c789                	beqz	a5,94e <RVMSIS_GPIO_CNF_Set+0x2a>
     946:	4705                	li	a4,1
     948:	02e78d63          	beq	a5,a4,982 <RVMSIS_GPIO_CNF_Set+0x5e>
     94c:	a09d                	j	9b2 <RVMSIS_GPIO_CNF_Set+0x8e>
     94e:	fec42783          	lw	a5,-20(s0)
     952:	4398                	lw	a4,0(a5)
     954:	fe442783          	lw	a5,-28(s0)
     958:	239c                	lbu	a5,0(a5)
     95a:	86be                	mv	a3,a5
     95c:	478d                	li	a5,3
     95e:	00d797b3          	sll	a5,a5,a3
     962:	fff7c793          	not	a5,a5
     966:	8ff9                	and	a5,a5,a4
     968:	fea44703          	lbu	a4,-22(s0)
     96c:	fe442683          	lw	a3,-28(s0)
     970:	2294                	lbu	a3,0(a3)
     972:	00d71733          	sll	a4,a4,a3
     976:	8f5d                	or	a4,a4,a5
     978:	fec42783          	lw	a5,-20(s0)
     97c:	c398                	sw	a4,0(a5)
     97e:	0001                	nop
     980:	a80d                	j	9b2 <RVMSIS_GPIO_CNF_Set+0x8e>
     982:	fec42783          	lw	a5,-20(s0)
     986:	43d8                	lw	a4,4(a5)
     988:	fe442783          	lw	a5,-28(s0)
     98c:	239c                	lbu	a5,0(a5)
     98e:	86be                	mv	a3,a5
     990:	478d                	li	a5,3
     992:	00d797b3          	sll	a5,a5,a3
     996:	fff7c793          	not	a5,a5
     99a:	8ff9                	and	a5,a5,a4
     99c:	fea44703          	lbu	a4,-22(s0)
     9a0:	fe442683          	lw	a3,-28(s0)
     9a4:	2294                	lbu	a3,0(a3)
     9a6:	00d71733          	sll	a4,a4,a3
     9aa:	8f5d                	or	a4,a4,a5
     9ac:	fec42783          	lw	a5,-20(s0)
     9b0:	c3d8                	sw	a4,4(a5)
     9b2:	0001                	nop
     9b4:	4472                	lw	s0,28(sp)
     9b6:	6105                	addi	sp,sp,32
     9b8:	8082                	ret

000009ba <RVMSIS_GPIO_Reg_Set>:
     9ba:	1101                	addi	sp,sp,-32
     9bc:	ce06                	sw	ra,28(sp)
     9be:	cc22                	sw	s0,24(sp)
     9c0:	1000                	addi	s0,sp,32
     9c2:	fea42623          	sw	a0,-20(s0)
     9c6:	feb42423          	sw	a1,-24(s0)
     9ca:	fef42023          	sw	a5,-32(s0)
     9ce:	87b2                	mv	a5,a2
     9d0:	fef403a3          	sb	a5,-25(s0)
     9d4:	87b6                	mv	a5,a3
     9d6:	fef40323          	sb	a5,-26(s0)
     9da:	87ba                	mv	a5,a4
     9dc:	fef402a3          	sb	a5,-27(s0)
     9e0:	fe744783          	lbu	a5,-25(s0)
     9e4:	4705                	li	a4,1
     9e6:	04e78563          	beq	a5,a4,a30 <RVMSIS_GPIO_Reg_Set+0x76>
     9ea:	4709                	li	a4,2
     9ec:	08e78063          	beq	a5,a4,a6c <RVMSIS_GPIO_Reg_Set+0xb2>
     9f0:	12079c63          	bnez	a5,b28 <RVMSIS_GPIO_Reg_Set+0x16e>
     9f4:	fe644783          	lbu	a5,-26(s0)
     9f8:	c789                	beqz	a5,a02 <RVMSIS_GPIO_Reg_Set+0x48>
     9fa:	4705                	li	a4,1
     9fc:	00e78e63          	beq	a5,a4,a18 <RVMSIS_GPIO_Reg_Set+0x5e>
     a00:	a225                	j	b28 <RVMSIS_GPIO_Reg_Set+0x16e>
     a02:	fe042703          	lw	a4,-32(s0)
     a06:	fe544783          	lbu	a5,-27(s0)
     a0a:	86ba                	mv	a3,a4
     a0c:	4601                	li	a2,0
     a0e:	85be                	mv	a1,a5
     a10:	fec42503          	lw	a0,-20(s0)
     a14:	3f01                	jal	924 <RVMSIS_GPIO_CNF_Set>
     a16:	a821                	j	a2e <RVMSIS_GPIO_Reg_Set+0x74>
     a18:	fe042703          	lw	a4,-32(s0)
     a1c:	fe544783          	lbu	a5,-27(s0)
     a20:	86ba                	mv	a3,a4
     a22:	4605                	li	a2,1
     a24:	85be                	mv	a1,a5
     a26:	fec42503          	lw	a0,-20(s0)
     a2a:	3ded                	jal	924 <RVMSIS_GPIO_CNF_Set>
     a2c:	0001                	nop
     a2e:	a8ed                	j	b28 <RVMSIS_GPIO_Reg_Set+0x16e>
     a30:	fe644783          	lbu	a5,-26(s0)
     a34:	c789                	beqz	a5,a3e <RVMSIS_GPIO_Reg_Set+0x84>
     a36:	4705                	li	a4,1
     a38:	00e78e63          	beq	a5,a4,a54 <RVMSIS_GPIO_Reg_Set+0x9a>
     a3c:	a0f5                	j	b28 <RVMSIS_GPIO_Reg_Set+0x16e>
     a3e:	fe042703          	lw	a4,-32(s0)
     a42:	fe544783          	lbu	a5,-27(s0)
     a46:	86ba                	mv	a3,a4
     a48:	4609                	li	a2,2
     a4a:	85be                	mv	a1,a5
     a4c:	fec42503          	lw	a0,-20(s0)
     a50:	3dd1                	jal	924 <RVMSIS_GPIO_CNF_Set>
     a52:	a821                	j	a6a <RVMSIS_GPIO_Reg_Set+0xb0>
     a54:	fe042703          	lw	a4,-32(s0)
     a58:	fe544783          	lbu	a5,-27(s0)
     a5c:	86ba                	mv	a3,a4
     a5e:	460d                	li	a2,3
     a60:	85be                	mv	a1,a5
     a62:	fec42503          	lw	a0,-20(s0)
     a66:	3d7d                	jal	924 <RVMSIS_GPIO_CNF_Set>
     a68:	0001                	nop
     a6a:	a87d                	j	b28 <RVMSIS_GPIO_Reg_Set+0x16e>
     a6c:	fe644783          	lbu	a5,-26(s0)
     a70:	470d                	li	a4,3
     a72:	02e78b63          	beq	a5,a4,aa8 <RVMSIS_GPIO_Reg_Set+0xee>
     a76:	470d                	li	a4,3
     a78:	00f74663          	blt	a4,a5,a84 <RVMSIS_GPIO_Reg_Set+0xca>
     a7c:	4709                	li	a4,2
     a7e:	00e78a63          	beq	a5,a4,a92 <RVMSIS_GPIO_Reg_Set+0xd8>
     a82:	a055                	j	b26 <RVMSIS_GPIO_Reg_Set+0x16c>
     a84:	4711                	li	a4,4
     a86:	02e78c63          	beq	a5,a4,abe <RVMSIS_GPIO_Reg_Set+0x104>
     a8a:	4715                	li	a4,5
     a8c:	06e78463          	beq	a5,a4,af4 <RVMSIS_GPIO_Reg_Set+0x13a>
     a90:	a859                	j	b26 <RVMSIS_GPIO_Reg_Set+0x16c>
     a92:	fe042703          	lw	a4,-32(s0)
     a96:	fe544783          	lbu	a5,-27(s0)
     a9a:	86ba                	mv	a3,a4
     a9c:	4601                	li	a2,0
     a9e:	85be                	mv	a1,a5
     aa0:	fec42503          	lw	a0,-20(s0)
     aa4:	3541                	jal	924 <RVMSIS_GPIO_CNF_Set>
     aa6:	a041                	j	b26 <RVMSIS_GPIO_Reg_Set+0x16c>
     aa8:	fe042703          	lw	a4,-32(s0)
     aac:	fe544783          	lbu	a5,-27(s0)
     ab0:	86ba                	mv	a3,a4
     ab2:	4605                	li	a2,1
     ab4:	85be                	mv	a1,a5
     ab6:	fec42503          	lw	a0,-20(s0)
     aba:	35ad                	jal	924 <RVMSIS_GPIO_CNF_Set>
     abc:	a0ad                	j	b26 <RVMSIS_GPIO_Reg_Set+0x16c>
     abe:	fe042703          	lw	a4,-32(s0)
     ac2:	fe544783          	lbu	a5,-27(s0)
     ac6:	86ba                	mv	a3,a4
     ac8:	4609                	li	a2,2
     aca:	85be                	mv	a1,a5
     acc:	fec42503          	lw	a0,-20(s0)
     ad0:	3d91                	jal	924 <RVMSIS_GPIO_CNF_Set>
     ad2:	fec42783          	lw	a5,-20(s0)
     ad6:	47d8                	lw	a4,12(a5)
     ad8:	fe842783          	lw	a5,-24(s0)
     adc:	239c                	lbu	a5,0(a5)
     ade:	86be                	mv	a3,a5
     ae0:	4785                	li	a5,1
     ae2:	00d797b3          	sll	a5,a5,a3
     ae6:	fff7c793          	not	a5,a5
     aea:	8f7d                	and	a4,a4,a5
     aec:	fec42783          	lw	a5,-20(s0)
     af0:	c7d8                	sw	a4,12(a5)
     af2:	a815                	j	b26 <RVMSIS_GPIO_Reg_Set+0x16c>
     af4:	fe042703          	lw	a4,-32(s0)
     af8:	fe544783          	lbu	a5,-27(s0)
     afc:	86ba                	mv	a3,a4
     afe:	4609                	li	a2,2
     b00:	85be                	mv	a1,a5
     b02:	fec42503          	lw	a0,-20(s0)
     b06:	3d39                	jal	924 <RVMSIS_GPIO_CNF_Set>
     b08:	fec42783          	lw	a5,-20(s0)
     b0c:	47d8                	lw	a4,12(a5)
     b0e:	fe842783          	lw	a5,-24(s0)
     b12:	239c                	lbu	a5,0(a5)
     b14:	86be                	mv	a3,a5
     b16:	4785                	li	a5,1
     b18:	00d797b3          	sll	a5,a5,a3
     b1c:	8f5d                	or	a4,a4,a5
     b1e:	fec42783          	lw	a5,-20(s0)
     b22:	c7d8                	sw	a4,12(a5)
     b24:	0001                	nop
     b26:	0001                	nop
     b28:	0001                	nop
     b2a:	40f2                	lw	ra,28(sp)
     b2c:	4462                	lw	s0,24(sp)
     b2e:	6105                	addi	sp,sp,32
     b30:	8082                	ret

00000b32 <RVMSIS_GPIO_init>:
     b32:	7179                	addi	sp,sp,-48
     b34:	d606                	sw	ra,44(sp)
     b36:	d422                	sw	s0,40(sp)
     b38:	1800                	addi	s0,sp,48
     b3a:	fca42e23          	sw	a0,-36(s0)
     b3e:	87ae                	mv	a5,a1
     b40:	fcf40da3          	sb	a5,-37(s0)
     b44:	87b2                	mv	a5,a2
     b46:	fcf40d23          	sb	a5,-38(s0)
     b4a:	87b6                	mv	a5,a3
     b4c:	fcf40ca3          	sb	a5,-39(s0)
     b50:	87ba                	mv	a5,a4
     b52:	fcf40c23          	sb	a5,-40(s0)
     b56:	fe0407a3          	sb	zero,-17(s0)
     b5a:	fdc42703          	lw	a4,-36(s0)
     b5e:	400117b7          	lui	a5,0x40011
     b62:	80078793          	addi	a5,a5,-2048 # 40010800 <_eusrstack+0x2000b800>
     b66:	00f71b63          	bne	a4,a5,b7c <RVMSIS_GPIO_init+0x4a>
     b6a:	400217b7          	lui	a5,0x40021
     b6e:	4f98                	lw	a4,24(a5)
     b70:	400217b7          	lui	a5,0x40021
     b74:	00476713          	ori	a4,a4,4
     b78:	cf98                	sw	a4,24(a5)
     b7a:	a051                	j	bfe <RVMSIS_GPIO_init+0xcc>
     b7c:	fdc42703          	lw	a4,-36(s0)
     b80:	400117b7          	lui	a5,0x40011
     b84:	c0078793          	addi	a5,a5,-1024 # 40010c00 <_eusrstack+0x2000bc00>
     b88:	00f71b63          	bne	a4,a5,b9e <RVMSIS_GPIO_init+0x6c>
     b8c:	400217b7          	lui	a5,0x40021
     b90:	4f98                	lw	a4,24(a5)
     b92:	400217b7          	lui	a5,0x40021
     b96:	00876713          	ori	a4,a4,8
     b9a:	cf98                	sw	a4,24(a5)
     b9c:	a08d                	j	bfe <RVMSIS_GPIO_init+0xcc>
     b9e:	fdc42703          	lw	a4,-36(s0)
     ba2:	400117b7          	lui	a5,0x40011
     ba6:	00f71b63          	bne	a4,a5,bbc <RVMSIS_GPIO_init+0x8a>
     baa:	400217b7          	lui	a5,0x40021
     bae:	4f98                	lw	a4,24(a5)
     bb0:	400217b7          	lui	a5,0x40021
     bb4:	01076713          	ori	a4,a4,16
     bb8:	cf98                	sw	a4,24(a5)
     bba:	a091                	j	bfe <RVMSIS_GPIO_init+0xcc>
     bbc:	fdc42703          	lw	a4,-36(s0)
     bc0:	400117b7          	lui	a5,0x40011
     bc4:	40078793          	addi	a5,a5,1024 # 40011400 <_eusrstack+0x2000c400>
     bc8:	00f71b63          	bne	a4,a5,bde <RVMSIS_GPIO_init+0xac>
     bcc:	400217b7          	lui	a5,0x40021
     bd0:	4f98                	lw	a4,24(a5)
     bd2:	400217b7          	lui	a5,0x40021
     bd6:	02076713          	ori	a4,a4,32
     bda:	cf98                	sw	a4,24(a5)
     bdc:	a00d                	j	bfe <RVMSIS_GPIO_init+0xcc>
     bde:	fdc42703          	lw	a4,-36(s0)
     be2:	400127b7          	lui	a5,0x40012
     be6:	80078793          	addi	a5,a5,-2048 # 40011800 <_eusrstack+0x2000c800>
     bea:	00f71a63          	bne	a4,a5,bfe <RVMSIS_GPIO_init+0xcc>
     bee:	400217b7          	lui	a5,0x40021
     bf2:	4f98                	lw	a4,24(a5)
     bf4:	400217b7          	lui	a5,0x40021
     bf8:	04076713          	ori	a4,a4,64
     bfc:	cf98                	sw	a4,24(a5)
     bfe:	fdb44783          	lbu	a5,-37(s0)
     c02:	fd844703          	lbu	a4,-40(s0)
     c06:	863a                	mv	a2,a4
     c08:	85be                	mv	a1,a5
     c0a:	fdc42503          	lw	a0,-36(s0)
     c0e:	39b9                	jal	86c <RVMSIS_GPIO_SPEED_Set>
     c10:	fdb44703          	lbu	a4,-37(s0)
     c14:	479d                	li	a5,7
     c16:	02e7e963          	bltu	a5,a4,c48 <RVMSIS_GPIO_init+0x116>
     c1a:	fdb44783          	lbu	a5,-37(s0)
     c1e:	078a                	slli	a5,a5,0x2
     c20:	0ff7f793          	andi	a5,a5,255
     c24:	0789                	addi	a5,a5,2
     c26:	0ff7f793          	andi	a5,a5,255
     c2a:	fef407a3          	sb	a5,-17(s0)
     c2e:	fef40793          	addi	a5,s0,-17
     c32:	fd944683          	lbu	a3,-39(s0)
     c36:	fda44603          	lbu	a2,-38(s0)
     c3a:	fdb40593          	addi	a1,s0,-37
     c3e:	4701                	li	a4,0
     c40:	fdc42503          	lw	a0,-36(s0)
     c44:	3b9d                	jal	9ba <RVMSIS_GPIO_Reg_Set>
     c46:	a835                	j	c82 <RVMSIS_GPIO_init+0x150>
     c48:	fdb44783          	lbu	a5,-37(s0)
     c4c:	17e1                	addi	a5,a5,-8
     c4e:	0ff7f793          	andi	a5,a5,255
     c52:	fcf40da3          	sb	a5,-37(s0)
     c56:	fdb44783          	lbu	a5,-37(s0)
     c5a:	078a                	slli	a5,a5,0x2
     c5c:	0ff7f793          	andi	a5,a5,255
     c60:	0789                	addi	a5,a5,2
     c62:	0ff7f793          	andi	a5,a5,255
     c66:	fef407a3          	sb	a5,-17(s0)
     c6a:	fef40793          	addi	a5,s0,-17
     c6e:	fd944683          	lbu	a3,-39(s0)
     c72:	fda44603          	lbu	a2,-38(s0)
     c76:	fdb40593          	addi	a1,s0,-37
     c7a:	4705                	li	a4,1
     c7c:	fdc42503          	lw	a0,-36(s0)
     c80:	3b2d                	jal	9ba <RVMSIS_GPIO_Reg_Set>
     c82:	0001                	nop
     c84:	50b2                	lw	ra,44(sp)
     c86:	5422                	lw	s0,40(sp)
     c88:	6145                	addi	sp,sp,48
     c8a:	8082                	ret

00000c8c <RVMSIS_FLASH_Unlock>:
     c8c:	1141                	addi	sp,sp,-16
     c8e:	c622                	sw	s0,12(sp)
     c90:	0800                	addi	s0,sp,16
     c92:	400227b7          	lui	a5,0x40022
     c96:	45670737          	lui	a4,0x45670
     c9a:	12370713          	addi	a4,a4,291 # 45670123 <_eusrstack+0x2566b123>
     c9e:	c3d8                	sw	a4,4(a5)
     ca0:	400227b7          	lui	a5,0x40022
     ca4:	cdef9737          	lui	a4,0xcdef9
     ca8:	9ab70713          	addi	a4,a4,-1621 # cdef89ab <_eusrstack+0xadef39ab>
     cac:	c3d8                	sw	a4,4(a5)
     cae:	0001                	nop
     cb0:	4432                	lw	s0,12(sp)
     cb2:	0141                	addi	sp,sp,16
     cb4:	8082                	ret

00000cb6 <RVMSIS_FLASH_Lock>:
     cb6:	1141                	addi	sp,sp,-16
     cb8:	c622                	sw	s0,12(sp)
     cba:	0800                	addi	s0,sp,16
     cbc:	400227b7          	lui	a5,0x40022
     cc0:	4b98                	lw	a4,16(a5)
     cc2:	400227b7          	lui	a5,0x40022
     cc6:	08076713          	ori	a4,a4,128
     cca:	cb98                	sw	a4,16(a5)
     ccc:	0001                	nop
     cce:	4432                	lw	s0,12(sp)
     cd0:	0141                	addi	sp,sp,16
     cd2:	8082                	ret

00000cd4 <RVMSIS_FLASH_Page_erase>:
     cd4:	1101                	addi	sp,sp,-32
     cd6:	ce06                	sw	ra,28(sp)
     cd8:	cc22                	sw	s0,24(sp)
     cda:	1000                	addi	s0,sp,32
     cdc:	87aa                	mv	a5,a0
     cde:	fef41723          	sh	a5,-18(s0)
     ce2:	400227b7          	lui	a5,0x40022
     ce6:	4b9c                	lw	a5,16(a5)
     ce8:	0807f793          	andi	a5,a5,128
     cec:	c391                	beqz	a5,cf0 <RVMSIS_FLASH_Page_erase+0x1c>
     cee:	3f79                	jal	c8c <RVMSIS_FLASH_Unlock>
     cf0:	400227b7          	lui	a5,0x40022
     cf4:	4b98                	lw	a4,16(a5)
     cf6:	400227b7          	lui	a5,0x40022
     cfa:	00276713          	ori	a4,a4,2
     cfe:	cb98                	sw	a4,16(a5)
     d00:	400227b7          	lui	a5,0x40022
     d04:	fee45703          	lhu	a4,-18(s0)
     d08:	cbd8                	sw	a4,20(a5)
     d0a:	400227b7          	lui	a5,0x40022
     d0e:	4b98                	lw	a4,16(a5)
     d10:	400227b7          	lui	a5,0x40022
     d14:	04076713          	ori	a4,a4,64
     d18:	cb98                	sw	a4,16(a5)
     d1a:	0001                	nop
     d1c:	400227b7          	lui	a5,0x40022
     d20:	47dc                	lw	a5,12(a5)
     d22:	8b85                	andi	a5,a5,1
     d24:	ffe5                	bnez	a5,d1c <RVMSIS_FLASH_Page_erase+0x48>
     d26:	400227b7          	lui	a5,0x40022
     d2a:	4b98                	lw	a4,16(a5)
     d2c:	400227b7          	lui	a5,0x40022
     d30:	9b75                	andi	a4,a4,-3
     d32:	cb98                	sw	a4,16(a5)
     d34:	3749                	jal	cb6 <RVMSIS_FLASH_Lock>
     d36:	0001                	nop
     d38:	40f2                	lw	ra,28(sp)
     d3a:	4462                	lw	s0,24(sp)
     d3c:	6105                	addi	sp,sp,32
     d3e:	8082                	ret

00000d40 <RVMSIS_FLASH_Page_write>:
     d40:	7179                	addi	sp,sp,-48
     d42:	d606                	sw	ra,44(sp)
     d44:	d422                	sw	s0,40(sp)
     d46:	1800                	addi	s0,sp,48
     d48:	fca42e23          	sw	a0,-36(s0)
     d4c:	fcb42c23          	sw	a1,-40(s0)
     d50:	87b2                	mv	a5,a2
     d52:	fcf41b23          	sh	a5,-42(s0)
     d56:	fd645783          	lhu	a5,-42(s0)
     d5a:	8b85                	andi	a5,a5,1
     d5c:	07c2                	slli	a5,a5,0x10
     d5e:	83c1                	srli	a5,a5,0x10
     d60:	c3dd                	beqz	a5,e06 <RVMSIS_FLASH_Page_write+0xc6>
     d62:	fd645783          	lhu	a5,-42(s0)
     d66:	8385                	srli	a5,a5,0x1
     d68:	fcf41b23          	sh	a5,-42(s0)
     d6c:	fdc42783          	lw	a5,-36(s0)
     d70:	07c2                	slli	a5,a5,0x10
     d72:	83c1                	srli	a5,a5,0x10
     d74:	853e                	mv	a0,a5
     d76:	3fb9                	jal	cd4 <RVMSIS_FLASH_Page_erase>
     d78:	400227b7          	lui	a5,0x40022
     d7c:	4b9c                	lw	a5,16(a5)
     d7e:	0807f793          	andi	a5,a5,128
     d82:	c391                	beqz	a5,d86 <RVMSIS_FLASH_Page_write+0x46>
     d84:	3721                	jal	c8c <RVMSIS_FLASH_Unlock>
     d86:	400227b7          	lui	a5,0x40022
     d8a:	4b98                	lw	a4,16(a5)
     d8c:	400227b7          	lui	a5,0x40022
     d90:	00176713          	ori	a4,a4,1
     d94:	cb98                	sw	a4,16(a5)
     d96:	fe042623          	sw	zero,-20(s0)
     d9a:	a81d                	j	dd0 <RVMSIS_FLASH_Page_write+0x90>
     d9c:	fec42783          	lw	a5,-20(s0)
     da0:	0786                	slli	a5,a5,0x1
     da2:	fd842703          	lw	a4,-40(s0)
     da6:	97ba                	add	a5,a5,a4
     da8:	fec42703          	lw	a4,-20(s0)
     dac:	0706                	slli	a4,a4,0x1
     dae:	86ba                	mv	a3,a4
     db0:	fdc42703          	lw	a4,-36(s0)
     db4:	9736                	add	a4,a4,a3
     db6:	239e                	lhu	a5,0(a5)
     db8:	a31e                	sh	a5,0(a4)
     dba:	0001                	nop
     dbc:	400227b7          	lui	a5,0x40022
     dc0:	47dc                	lw	a5,12(a5)
     dc2:	8b85                	andi	a5,a5,1
     dc4:	ffe5                	bnez	a5,dbc <RVMSIS_FLASH_Page_write+0x7c>
     dc6:	fec42783          	lw	a5,-20(s0)
     dca:	0785                	addi	a5,a5,1
     dcc:	fef42623          	sw	a5,-20(s0)
     dd0:	fd645783          	lhu	a5,-42(s0)
     dd4:	fec42703          	lw	a4,-20(s0)
     dd8:	fcf742e3          	blt	a4,a5,d9c <RVMSIS_FLASH_Page_write+0x5c>
     ddc:	fd645783          	lhu	a5,-42(s0)
     de0:	0786                	slli	a5,a5,0x1
     de2:	873e                	mv	a4,a5
     de4:	fd842783          	lw	a5,-40(s0)
     de8:	97ba                	add	a5,a5,a4
     dea:	2394                	lbu	a3,0(a5)
     dec:	fd645783          	lhu	a5,-42(s0)
     df0:	0786                	slli	a5,a5,0x1
     df2:	873e                	mv	a4,a5
     df4:	fdc42783          	lw	a5,-36(s0)
     df8:	97ba                	add	a5,a5,a4
     dfa:	873e                	mv	a4,a5
     dfc:	01069793          	slli	a5,a3,0x10
     e00:	83c1                	srli	a5,a5,0x10
     e02:	a31e                	sh	a5,0(a4)
     e04:	a8b5                	j	e80 <RVMSIS_FLASH_Page_write+0x140>
     e06:	fd645783          	lhu	a5,-42(s0)
     e0a:	8385                	srli	a5,a5,0x1
     e0c:	fcf41b23          	sh	a5,-42(s0)
     e10:	fdc42783          	lw	a5,-36(s0)
     e14:	07c2                	slli	a5,a5,0x10
     e16:	83c1                	srli	a5,a5,0x10
     e18:	853e                	mv	a0,a5
     e1a:	3d6d                	jal	cd4 <RVMSIS_FLASH_Page_erase>
     e1c:	400227b7          	lui	a5,0x40022
     e20:	4b9c                	lw	a5,16(a5)
     e22:	0807f793          	andi	a5,a5,128
     e26:	c391                	beqz	a5,e2a <RVMSIS_FLASH_Page_write+0xea>
     e28:	3595                	jal	c8c <RVMSIS_FLASH_Unlock>
     e2a:	400227b7          	lui	a5,0x40022
     e2e:	4b98                	lw	a4,16(a5)
     e30:	400227b7          	lui	a5,0x40022
     e34:	00176713          	ori	a4,a4,1
     e38:	cb98                	sw	a4,16(a5)
     e3a:	fe042423          	sw	zero,-24(s0)
     e3e:	a81d                	j	e74 <RVMSIS_FLASH_Page_write+0x134>
     e40:	fe842783          	lw	a5,-24(s0)
     e44:	0786                	slli	a5,a5,0x1
     e46:	fd842703          	lw	a4,-40(s0)
     e4a:	97ba                	add	a5,a5,a4
     e4c:	fe842703          	lw	a4,-24(s0)
     e50:	0706                	slli	a4,a4,0x1
     e52:	86ba                	mv	a3,a4
     e54:	fdc42703          	lw	a4,-36(s0)
     e58:	9736                	add	a4,a4,a3
     e5a:	239e                	lhu	a5,0(a5)
     e5c:	a31e                	sh	a5,0(a4)
     e5e:	0001                	nop
     e60:	400227b7          	lui	a5,0x40022
     e64:	47dc                	lw	a5,12(a5)
     e66:	8b85                	andi	a5,a5,1
     e68:	ffe5                	bnez	a5,e60 <RVMSIS_FLASH_Page_write+0x120>
     e6a:	fe842783          	lw	a5,-24(s0)
     e6e:	0785                	addi	a5,a5,1
     e70:	fef42423          	sw	a5,-24(s0)
     e74:	fd645783          	lhu	a5,-42(s0)
     e78:	fe842703          	lw	a4,-24(s0)
     e7c:	fcf742e3          	blt	a4,a5,e40 <RVMSIS_FLASH_Page_write+0x100>
     e80:	0001                	nop
     e82:	400227b7          	lui	a5,0x40022
     e86:	47dc                	lw	a5,12(a5)
     e88:	8b85                	andi	a5,a5,1
     e8a:	ffe5                	bnez	a5,e82 <RVMSIS_FLASH_Page_write+0x142>
     e8c:	400227b7          	lui	a5,0x40022
     e90:	4b98                	lw	a4,16(a5)
     e92:	400227b7          	lui	a5,0x40022
     e96:	9b79                	andi	a4,a4,-2
     e98:	cb98                	sw	a4,16(a5)
     e9a:	3d31                	jal	cb6 <RVMSIS_FLASH_Lock>
     e9c:	0001                	nop
     e9e:	50b2                	lw	ra,44(sp)
     ea0:	5422                	lw	s0,40(sp)
     ea2:	6145                	addi	sp,sp,48
     ea4:	8082                	ret

00000ea6 <RVMSIS_FLASH_Read_data>:
     ea6:	7179                	addi	sp,sp,-48
     ea8:	d622                	sw	s0,44(sp)
     eaa:	1800                	addi	s0,sp,48
     eac:	fca42e23          	sw	a0,-36(s0)
     eb0:	fcb42c23          	sw	a1,-40(s0)
     eb4:	87b2                	mv	a5,a2
     eb6:	fcf41b23          	sh	a5,-42(s0)
     eba:	fd645783          	lhu	a5,-42(s0)
     ebe:	8b85                	andi	a5,a5,1
     ec0:	07c2                	slli	a5,a5,0x10
     ec2:	83c1                	srli	a5,a5,0x10
     ec4:	c7bd                	beqz	a5,f32 <RVMSIS_FLASH_Read_data+0x8c>
     ec6:	fd645783          	lhu	a5,-42(s0)
     eca:	8385                	srli	a5,a5,0x1
     ecc:	fcf41b23          	sh	a5,-42(s0)
     ed0:	fe041723          	sh	zero,-18(s0)
     ed4:	a035                	j	f00 <RVMSIS_FLASH_Read_data+0x5a>
     ed6:	fee45783          	lhu	a5,-18(s0)
     eda:	0786                	slli	a5,a5,0x1
     edc:	873e                	mv	a4,a5
     ede:	fdc42783          	lw	a5,-36(s0)
     ee2:	97ba                	add	a5,a5,a4
     ee4:	86be                	mv	a3,a5
     ee6:	fee45783          	lhu	a5,-18(s0)
     eea:	0786                	slli	a5,a5,0x1
     eec:	fd842703          	lw	a4,-40(s0)
     ef0:	97ba                	add	a5,a5,a4
     ef2:	229a                	lhu	a4,0(a3)
     ef4:	a39a                	sh	a4,0(a5)
     ef6:	fee45783          	lhu	a5,-18(s0)
     efa:	0785                	addi	a5,a5,1
     efc:	fef41723          	sh	a5,-18(s0)
     f00:	fee45703          	lhu	a4,-18(s0)
     f04:	fd645783          	lhu	a5,-42(s0)
     f08:	fcf767e3          	bltu	a4,a5,ed6 <RVMSIS_FLASH_Read_data+0x30>
     f0c:	fd645783          	lhu	a5,-42(s0)
     f10:	0786                	slli	a5,a5,0x1
     f12:	873e                	mv	a4,a5
     f14:	fdc42783          	lw	a5,-36(s0)
     f18:	97ba                	add	a5,a5,a4
     f1a:	239a                	lhu	a4,0(a5)
     f1c:	fd645783          	lhu	a5,-42(s0)
     f20:	0786                	slli	a5,a5,0x1
     f22:	86be                	mv	a3,a5
     f24:	fd842783          	lw	a5,-40(s0)
     f28:	97b6                	add	a5,a5,a3
     f2a:	0ff77713          	andi	a4,a4,255
     f2e:	a398                	sb	a4,0(a5)
     f30:	a0a1                	j	f78 <RVMSIS_FLASH_Read_data+0xd2>
     f32:	fd645783          	lhu	a5,-42(s0)
     f36:	8385                	srli	a5,a5,0x1
     f38:	fcf41b23          	sh	a5,-42(s0)
     f3c:	fe041623          	sh	zero,-20(s0)
     f40:	a035                	j	f6c <RVMSIS_FLASH_Read_data+0xc6>
     f42:	fec45783          	lhu	a5,-20(s0)
     f46:	0786                	slli	a5,a5,0x1
     f48:	873e                	mv	a4,a5
     f4a:	fdc42783          	lw	a5,-36(s0)
     f4e:	97ba                	add	a5,a5,a4
     f50:	86be                	mv	a3,a5
     f52:	fec45783          	lhu	a5,-20(s0)
     f56:	0786                	slli	a5,a5,0x1
     f58:	fd842703          	lw	a4,-40(s0)
     f5c:	97ba                	add	a5,a5,a4
     f5e:	229a                	lhu	a4,0(a3)
     f60:	a39a                	sh	a4,0(a5)
     f62:	fec45783          	lhu	a5,-20(s0)
     f66:	0785                	addi	a5,a5,1
     f68:	fef41623          	sh	a5,-20(s0)
     f6c:	fec45703          	lhu	a4,-20(s0)
     f70:	fd645783          	lhu	a5,-42(s0)
     f74:	fcf767e3          	bltu	a4,a5,f42 <RVMSIS_FLASH_Read_data+0x9c>
     f78:	0001                	nop
     f7a:	5432                	lw	s0,44(sp)
     f7c:	6145                	addi	sp,sp,48
     f7e:	8082                	ret

00000f80 <NVIC_GetPriority>:
     f80:	1101                	addi	sp,sp,-32
     f82:	ce22                	sw	s0,28(sp)
     f84:	1000                	addi	s0,sp,32
     f86:	fea42623          	sw	a0,-20(s0)
     f8a:	e000e737          	lui	a4,0xe000e
     f8e:	fec42783          	lw	a5,-20(s0)
     f92:	97ba                	add	a5,a5,a4
     f94:	4007c783          	lbu	a5,1024(a5) # 40022400 <_eusrstack+0x2001d400>
     f98:	0ff7f793          	andi	a5,a5,255
     f9c:	8395                	srli	a5,a5,0x5
     f9e:	0ff7f793          	andi	a5,a5,255
     fa2:	853e                	mv	a0,a5
     fa4:	4472                	lw	s0,28(sp)
     fa6:	6105                	addi	sp,sp,32
     fa8:	8082                	ret

00000faa <main>:
     faa:	1141                	addi	sp,sp,-16
     fac:	c606                	sw	ra,12(sp)
     fae:	c422                	sw	s0,8(sp)
     fb0:	0800                	addi	s0,sp,16
     fb2:	d36ff0ef          	jal	ra,4e8 <RVMSIS_Debug_init>
     fb6:	da2ff0ef          	jal	ra,558 <RVMSIS_RCC_SystemClock_144MHz>
     fba:	f40ff0ef          	jal	ra,6fa <RVMSIS_SysTick_Timer_init>
     fbe:	470d                	li	a4,3
     fc0:	4681                	li	a3,0
     fc2:	4601                	li	a2,0
     fc4:	45b5                	li	a1,13
     fc6:	40011537          	lui	a0,0x40011
     fca:	36a5                	jal	b32 <RVMSIS_GPIO_init>
     fcc:	577d                	li	a4,-1
     fce:	84e18023          	sb	a4,-1984(gp) # 20000040 <Flash_data_CH32>
     fd2:	8411c703          	lbu	a4,-1983(gp) # 20000041 <Flash_data_CH32+0x1>
     fd6:	8b01                	andi	a4,a4,0
     fd8:	06776713          	ori	a4,a4,103
     fdc:	84e180a3          	sb	a4,-1983(gp) # 20000041 <Flash_data_CH32+0x1>
     fe0:	8421c703          	lbu	a4,-1982(gp) # 20000042 <Flash_data_CH32+0x2>
     fe4:	8b01                	andi	a4,a4,0
     fe6:	04576713          	ori	a4,a4,69
     fea:	84e18123          	sb	a4,-1982(gp) # 20000042 <Flash_data_CH32+0x2>
     fee:	8431c703          	lbu	a4,-1981(gp) # 20000043 <Flash_data_CH32+0x3>
     ff2:	8b01                	andi	a4,a4,0
     ff4:	01276713          	ori	a4,a4,18
     ff8:	84e181a3          	sb	a4,-1981(gp) # 20000043 <Flash_data_CH32+0x3>
     ffc:	8441c703          	lbu	a4,-1980(gp) # 20000044 <Flash_data_CH32+0x4>
    1000:	8b01                	andi	a4,a4,0
    1002:	01176713          	ori	a4,a4,17
    1006:	84e18223          	sb	a4,-1980(gp) # 20000044 <Flash_data_CH32+0x4>
    100a:	8451c703          	lbu	a4,-1979(gp) # 20000045 <Flash_data_CH32+0x5>
    100e:	8b01                	andi	a4,a4,0
    1010:	01076713          	ori	a4,a4,16
    1014:	84e182a3          	sb	a4,-1979(gp) # 20000045 <Flash_data_CH32+0x5>
    1018:	8461c703          	lbu	a4,-1978(gp) # 20000046 <Flash_data_CH32+0x6>
    101c:	8b01                	andi	a4,a4,0
    101e:	f8976713          	ori	a4,a4,-119
    1022:	84e18323          	sb	a4,-1978(gp) # 20000046 <Flash_data_CH32+0x6>
    1026:	84018793          	addi	a5,gp,-1984 # 20000040 <Flash_data_CH32>
    102a:	6705                	lui	a4,0x1
    102c:	0c072703          	lw	a4,192(a4) # 10c0 <main+0x116>
    1030:	0ff77593          	andi	a1,a4,255
    1034:	33f4                	lbu	a3,7(a5)
    1036:	8a81                	andi	a3,a3,0
    1038:	8636                	mv	a2,a3
    103a:	86ae                	mv	a3,a1
    103c:	8ed1                	or	a3,a3,a2
    103e:	b3f4                	sb	a3,7(a5)
    1040:	00875693          	srli	a3,a4,0x8
    1044:	0ff6f593          	andi	a1,a3,255
    1048:	2794                	lbu	a3,8(a5)
    104a:	8a81                	andi	a3,a3,0
    104c:	8636                	mv	a2,a3
    104e:	86ae                	mv	a3,a1
    1050:	8ed1                	or	a3,a3,a2
    1052:	a794                	sb	a3,8(a5)
    1054:	01075693          	srli	a3,a4,0x10
    1058:	0ff6f593          	andi	a1,a3,255
    105c:	3794                	lbu	a3,9(a5)
    105e:	8a81                	andi	a3,a3,0
    1060:	8636                	mv	a2,a3
    1062:	86ae                	mv	a3,a1
    1064:	8ed1                	or	a3,a3,a2
    1066:	b794                	sb	a3,9(a5)
    1068:	01875613          	srli	a2,a4,0x18
    106c:	27b8                	lbu	a4,10(a5)
    106e:	8b01                	andi	a4,a4,0
    1070:	86ba                	mv	a3,a4
    1072:	8732                	mv	a4,a2
    1074:	8f55                	or	a4,a4,a3
    1076:	a7b8                	sb	a4,10(a5)
    1078:	462d                	li	a2,11
    107a:	84018593          	addi	a1,gp,-1984 # 20000040 <Flash_data_CH32>
    107e:	0800f537          	lui	a0,0x800f
    1082:	397d                	jal	d40 <RVMSIS_FLASH_Page_write>
    1084:	462d                	li	a2,11
    1086:	84c18593          	addi	a1,gp,-1972 # 2000004c <Flash_data_CH32_read>
    108a:	0800f537          	lui	a0,0x800f
    108e:	3d21                	jal	ea6 <RVMSIS_FLASH_Read_data>
    1090:	4531                	li	a0,12
    1092:	35fd                	jal	f80 <NVIC_GetPriority>
    1094:	87aa                	mv	a5,a0
    1096:	873e                	mv	a4,a5
    1098:	80e18623          	sb	a4,-2036(gp) # 2000000c <Priority>
    109c:	400117b7          	lui	a5,0x40011
    10a0:	6709                	lui	a4,0x2
    10a2:	cb98                	sw	a4,16(a5)
    10a4:	06400513          	li	a0,100
    10a8:	eecff0ef          	jal	ra,794 <Delay_ms>
    10ac:	400117b7          	lui	a5,0x40011
    10b0:	20000737          	lui	a4,0x20000
    10b4:	cb98                	sw	a4,16(a5)
    10b6:	06400513          	li	a0,100
    10ba:	edaff0ef          	jal	ra,794 <Delay_ms>
    10be:	bff9                	j	109c <main+0xf2>
    10c0:	0fd0                	addi	a2,sp,980
    10c2:	4049                	c.li	zero,18
