
Clean_project.elf:     file format elf32-littleriscv
Clean_project.elf
architecture: riscv:rv32, flags 0x00000112:
EXEC_P, HAS_SYMS, D_PAGED
start address 0x00000000

Program Header:
    LOAD off    0x00001000 vaddr 0x00000000 paddr 0x00000000 align 2**12
         filesz 0x000011bc memsz 0x000011bc flags r-x
    LOAD off    0x00003000 vaddr 0x20000000 paddr 0x000011bc align 2**12
         filesz 0x00000000 memsz 0x00000010 flags rw-
    LOAD off    0x00002700 vaddr 0x20000700 paddr 0x20000700 align 2**12
         filesz 0x00000000 memsz 0x00000100 flags rw-

Sections:
Idx Name          Size      VMA       LMA       File off  Algn
  0 .init         000000a0  00000000  00000000  00001000  2**2
                  CONTENTS, ALLOC, LOAD, READONLY, CODE
  1 .text         0000111c  000000a0  000000a0  000010a0  2**2
                  CONTENTS, ALLOC, LOAD, READONLY, CODE
  2 .fini         00000000  000011bc  000011bc  000021bc  2**0
                  CONTENTS, ALLOC, LOAD, CODE
  3 .dalign       00000000  20000000  20000000  000021bc  2**0
                  CONTENTS
  4 .dlalign      00000000  000011bc  000011bc  000021bc  2**0
                  CONTENTS
  5 .data         00000000  20000000  20000000  000021bc  2**0
                  CONTENTS, ALLOC, LOAD, DATA
  6 .bss          00000010  20000000  000011bc  00003000  2**2
                  ALLOC
  7 .stack        00000100  20000700  20000700  00002700  2**0
                  ALLOC
  8 .debug_line   0000254a  00000000  00000000  000021bc  2**0
                  CONTENTS, READONLY, DEBUGGING
  9 .debug_info   000018fe  00000000  00000000  00004706  2**0
                  CONTENTS, READONLY, DEBUGGING
 10 .debug_abbrev 0000052a  00000000  00000000  00006004  2**0
                  CONTENTS, READONLY, DEBUGGING
 11 .debug_aranges 00000178  00000000  00000000  00006530  2**3
                  CONTENTS, READONLY, DEBUGGING
 12 .debug_str    00014c9e  00000000  00000000  000066a8  2**0
                  CONTENTS, READONLY, DEBUGGING
 13 .debug_ranges 00000140  00000000  00000000  0001b348  2**3
                  CONTENTS, READONLY, DEBUGGING
 14 .debug_macro  0000026b  00000000  00000000  0001b488  2**0
                  CONTENTS, READONLY, DEBUGGING
 15 .comment      00000033  00000000  00000000  0001b6f3  2**0
                  CONTENTS, READONLY
 16 .debug_frame  000004dc  00000000  00000000  0001b728  2**2
                  CONTENTS, READONLY, DEBUGGING
SYMBOL TABLE:
00000000 l    d  .init	00000000 .init
000000a0 l    d  .text	00000000 .text
000011bc l    d  .fini	00000000 .fini
20000000 l    d  .dalign	00000000 .dalign
000011bc l    d  .dlalign	00000000 .dlalign
20000000 l    d  .data	00000000 .data
20000000 l    d  .bss	00000000 .bss
20000700 l    d  .stack	00000000 .stack
00000000 l    d  .debug_line	00000000 .debug_line
00000000 l    d  .debug_info	00000000 .debug_info
00000000 l    d  .debug_abbrev	00000000 .debug_abbrev
00000000 l    d  .debug_aranges	00000000 .debug_aranges
00000000 l    d  .debug_str	00000000 .debug_str
00000000 l    d  .debug_ranges	00000000 .debug_ranges
00000000 l    d  .debug_macro	00000000 .debug_macro
00000000 l    d  .comment	00000000 .comment
00000000 l    d  .debug_frame	00000000 .debug_frame
00000000 l    df *ABS*	00000000 ch32v003xx_it.c
00000000 l    df *ABS*	00000000 ch32v00x_RVMSIS.c
000002c2 l     F .text	00000040 NVIC_SetPriority
000004f6 l     F .text	000000ae RVMSIS_GPIO_MODE_Set
000005a4 l     F .text	000000b8 RVMSIS_GPIO_SPEED_Set
0000065c l     F .text	00000096 RVMSIS_GPIO_CNF_Set
000006f2 l     F .text	00000178 RVMSIS_GPIO_Reg_Set
00000000 l    df *ABS*	00000000 main.c
000009bc g     O .text	00000800 Arr
20000004 g     O .bss	00000004 Delay_counter_ms
20000800 g       .data	00000000 __global_pointer$
000000d2  w      .text	00000000 TIM1_CC_IRQHandler
000000a2  w      .text	00000000 HardFault_Handler
20000008 g     O .bss	00000004 Timeout_counter_ms
0000042a g     F .text	000000a2 RVMSIS_SysTick_Timer_init
0000024c g     F .text	00000076 SysTick_Handler
000000aa  w      .text	00000000 PVD_IRQHandler
000000a0  w      .text	00000000 NMI_Handler
20000000 g       .bss	00000000 _sbss
00000100 g       *ABS*	00000000 __stack_size
2000000c g     O .bss	00000004 ADC_RAW_Data
000000a0 g       .init	00000000 _einit
000000ca  w      .text	00000000 SPI1_IRQHandler
00000302 g     F .text	00000128 RVMSIS_RCC_SystemClock_48MHz
000000b2  w      .text	00000000 AWU_IRQHandler
000000b0  w      .text	00000000 EXTI7_0_IRQHandler
000000ba  w      .text	00000000 DMA1_Channel4_IRQHandler
000000c2  w      .text	00000000 ADC1_IRQHandler
20000010 g       .bss	00000000 _ebss
000000c0  w      .text	00000000 DMA1_Channel7_IRQHandler
000000c4  w      .text	00000000 I2C1_EV_IRQHandler
000000be  w      .text	00000000 DMA1_Channel6_IRQHandler
000000ae  w      .text	00000000 RCC_IRQHandler
0000086a g     F .text	00000116 RVMSIS_GPIO_init
000000d0  w      .text	00000000 TIM1_TRG_COM_IRQHandler
000001de g     F .text	0000006e DMA1_Channel1_IRQHandler
00000000 g       .init	00000000 _start
20000000 g       .dalign	00000000 _data_vma
000004cc g     F .text	0000002a Delay_ms
00000980 g     F .text	0000003a main
000000bc  w      .text	00000000 DMA1_Channel5_IRQHandler
00000000 g       .init	00000000 _sinit
000000b8  w      .text	00000000 DMA1_Channel3_IRQHandler
00000156 g     F .text	0000004a TIM1_UP_IRQHandler
000000a8  w      .text	00000000 WWDG_IRQHandler
000001a0 g     F .text	0000003e TIM2_IRQHandler
20000800 g       .stack	00000000 _eusrstack
20000000 g     O .bss	00000004 SysTimer_ms
000000a6  w      .text	00000000 SW_Handler
000000cc  w      .text	00000000 TIM1_BRK_IRQHandler
20000000 g       .data	00000000 _edata
000011bc g       .dlalign	00000000 _data_lma
000000b6  w      .text	00000000 DMA1_Channel2_IRQHandler
000000d6  w      .text	00000000 handle_reset
000000ac  w      .text	00000000 FLASH_IRQHandler
000000c8  w      .text	00000000 USART1_IRQHandler
000000c6  w      .text	00000000 I2C1_ER_IRQHandler



Disassembly of section .init:

00000000 <_sinit>:
   0:	0d60006f          	j	d6 <handle_reset>
   4:	0000                	unimp
   6:	0000                	unimp
   8:	00a0                	addi	s0,sp,72
   a:	0000                	unimp
   c:	00a2                	slli	ra,ra,0x8
	...
  2e:	0000                	unimp
  30:	024c                	addi	a1,sp,260
  32:	0000                	unimp
  34:	0000                	unimp
  36:	0000                	unimp
  38:	00a6                	slli	ra,ra,0x9
  3a:	0000                	unimp
  3c:	0000                	unimp
  3e:	0000                	unimp
  40:	00a8                	addi	a0,sp,72
  42:	0000                	unimp
  44:	00aa                	slli	ra,ra,0xa
  46:	0000                	unimp
  48:	00ac                	addi	a1,sp,72
  4a:	0000                	unimp
  4c:	00ae                	slli	ra,ra,0xb
  4e:	0000                	unimp
  50:	00b0                	addi	a2,sp,72
  52:	0000                	unimp
  54:	00b2                	slli	ra,ra,0xc
  56:	0000                	unimp
  58:	01de                	slli	gp,gp,0x17
  5a:	0000                	unimp
  5c:	00b6                	slli	ra,ra,0xd
  5e:	0000                	unimp
  60:	00b8                	addi	a4,sp,72
  62:	0000                	unimp
  64:	00ba                	slli	ra,ra,0xe
  66:	0000                	unimp
  68:	00bc                	addi	a5,sp,72
  6a:	0000                	unimp
  6c:	00be                	slli	ra,ra,0xf
  6e:	0000                	unimp
  70:	00c0                	addi	s0,sp,68
  72:	0000                	unimp
  74:	00c2                	slli	ra,ra,0x10
  76:	0000                	unimp
  78:	00c4                	addi	s1,sp,68
  7a:	0000                	unimp
  7c:	00c6                	slli	ra,ra,0x11
  7e:	0000                	unimp
  80:	00c8                	addi	a0,sp,68
  82:	0000                	unimp
  84:	00ca                	slli	ra,ra,0x12
  86:	0000                	unimp
  88:	00cc                	addi	a1,sp,68
  8a:	0000                	unimp
  8c:	0156                	slli	sp,sp,0x15
  8e:	0000                	unimp
  90:	00d0                	addi	a2,sp,68
  92:	0000                	unimp
  94:	00d2                	slli	ra,ra,0x14
  96:	0000                	unimp
  98:	01a0                	addi	s0,sp,200
  9a:	0000                	unimp
  9c:	0000                	unimp
	...

Disassembly of section .text:

000000a0 <NMI_Handler>:
      a0:	a001                	j	a0 <NMI_Handler>

000000a2 <HardFault_Handler>:
      a2:	a001                	j	a2 <HardFault_Handler>
      a4:	a001                	j	a4 <HardFault_Handler+0x2>

000000a6 <SW_Handler>:
      a6:	a001                	j	a6 <SW_Handler>

000000a8 <WWDG_IRQHandler>:
      a8:	a001                	j	a8 <WWDG_IRQHandler>

000000aa <PVD_IRQHandler>:
      aa:	a001                	j	aa <PVD_IRQHandler>

000000ac <FLASH_IRQHandler>:
      ac:	a001                	j	ac <FLASH_IRQHandler>

000000ae <RCC_IRQHandler>:
      ae:	a001                	j	ae <RCC_IRQHandler>

000000b0 <EXTI7_0_IRQHandler>:
      b0:	a001                	j	b0 <EXTI7_0_IRQHandler>

000000b2 <AWU_IRQHandler>:
      b2:	a001                	j	b2 <AWU_IRQHandler>
      b4:	a001                	j	b4 <AWU_IRQHandler+0x2>

000000b6 <DMA1_Channel2_IRQHandler>:
      b6:	a001                	j	b6 <DMA1_Channel2_IRQHandler>

000000b8 <DMA1_Channel3_IRQHandler>:
      b8:	a001                	j	b8 <DMA1_Channel3_IRQHandler>

000000ba <DMA1_Channel4_IRQHandler>:
      ba:	a001                	j	ba <DMA1_Channel4_IRQHandler>

000000bc <DMA1_Channel5_IRQHandler>:
      bc:	a001                	j	bc <DMA1_Channel5_IRQHandler>

000000be <DMA1_Channel6_IRQHandler>:
      be:	a001                	j	be <DMA1_Channel6_IRQHandler>

000000c0 <DMA1_Channel7_IRQHandler>:
      c0:	a001                	j	c0 <DMA1_Channel7_IRQHandler>

000000c2 <ADC1_IRQHandler>:
      c2:	a001                	j	c2 <ADC1_IRQHandler>

000000c4 <I2C1_EV_IRQHandler>:
      c4:	a001                	j	c4 <I2C1_EV_IRQHandler>

000000c6 <I2C1_ER_IRQHandler>:
      c6:	a001                	j	c6 <I2C1_ER_IRQHandler>

000000c8 <USART1_IRQHandler>:
      c8:	a001                	j	c8 <USART1_IRQHandler>

000000ca <SPI1_IRQHandler>:
      ca:	a001                	j	ca <SPI1_IRQHandler>

000000cc <TIM1_BRK_IRQHandler>:
      cc:	a001                	j	cc <TIM1_BRK_IRQHandler>
      ce:	a001                	j	ce <TIM1_BRK_IRQHandler+0x2>

000000d0 <TIM1_TRG_COM_IRQHandler>:
      d0:	a001                	j	d0 <TIM1_TRG_COM_IRQHandler>

000000d2 <TIM1_CC_IRQHandler>:
      d2:	a001                	j	d2 <TIM1_CC_IRQHandler>
      d4:	a001                	j	d4 <TIM1_CC_IRQHandler+0x2>

000000d6 <handle_reset>:
      d6:	20000197          	auipc	gp,0x20000
      da:	72a18193          	addi	gp,gp,1834 # 20000800 <__global_pointer$>
      de:	00018113          	mv	sp,gp
      e2:	00001517          	auipc	a0,0x1
      e6:	0da50513          	addi	a0,a0,218 # 11bc <_data_lma>
      ea:	20000597          	auipc	a1,0x20000
      ee:	f1658593          	addi	a1,a1,-234 # 20000000 <_data_vma>
      f2:	20000617          	auipc	a2,0x20000
      f6:	f0e60613          	addi	a2,a2,-242 # 20000000 <_data_vma>
      fa:	00c5fa63          	bgeu	a1,a2,10e <__stack_size+0xe>
      fe:	00052283          	lw	t0,0(a0)
     102:	0055a023          	sw	t0,0(a1)
     106:	0511                	addi	a0,a0,4
     108:	0591                	addi	a1,a1,4
     10a:	fec5eae3          	bltu	a1,a2,fe <handle_reset+0x28>
     10e:	20000517          	auipc	a0,0x20000
     112:	ef250513          	addi	a0,a0,-270 # 20000000 <_data_vma>
     116:	81018593          	addi	a1,gp,-2032 # 20000010 <_ebss>
     11a:	00b57763          	bgeu	a0,a1,128 <__stack_size+0x28>
     11e:	00052023          	sw	zero,0(a0)
     122:	0511                	addi	a0,a0,4
     124:	feb56de3          	bltu	a0,a1,11e <__stack_size+0x1e>
     128:	08000293          	li	t0,128
     12c:	30029073          	csrw	mstatus,t0
     130:	428d                	li	t0,3
     132:	80429073          	csrw	0x804,t0
     136:	00000297          	auipc	t0,0x0
     13a:	eca28293          	addi	t0,t0,-310 # 0 <_sinit>
     13e:	0032e293          	ori	t0,t0,3
     142:	30529073          	csrw	mtvec,t0
     146:	00001297          	auipc	t0,0x1
     14a:	83a28293          	addi	t0,t0,-1990 # 980 <main>
     14e:	34129073          	csrw	mepc,t0
     152:	30200073          	mret

00000156 <TIM1_UP_IRQHandler>:
     156:	1151                	addi	sp,sp,-12
     158:	c422                	sw	s0,8(sp)
     15a:	c23a                	sw	a4,4(sp)
     15c:	c03e                	sw	a5,0(sp)
     15e:	0060                	addi	s0,sp,12
     160:	400137b7          	lui	a5,0x40013
     164:	c0078793          	addi	a5,a5,-1024 # 40012c00 <__global_pointer$+0x20012400>
     168:	2b9e                	lhu	a5,16(a5)
     16a:	07c2                	slli	a5,a5,0x10
     16c:	83c1                	srli	a5,a5,0x10
     16e:	8b85                	andi	a5,a5,1
     170:	c38d                	beqz	a5,192 <TIM1_UP_IRQHandler+0x3c>
     172:	400137b7          	lui	a5,0x40013
     176:	c0078793          	addi	a5,a5,-1024 # 40012c00 <__global_pointer$+0x20012400>
     17a:	2b9e                	lhu	a5,16(a5)
     17c:	01079713          	slli	a4,a5,0x10
     180:	8341                	srli	a4,a4,0x10
     182:	400137b7          	lui	a5,0x40013
     186:	c0078793          	addi	a5,a5,-1024 # 40012c00 <__global_pointer$+0x20012400>
     18a:	9b79                	andi	a4,a4,-2
     18c:	0742                	slli	a4,a4,0x10
     18e:	8341                	srli	a4,a4,0x10
     190:	ab9a                	sh	a4,16(a5)
     192:	0001                	nop
     194:	4422                	lw	s0,8(sp)
     196:	4712                	lw	a4,4(sp)
     198:	4782                	lw	a5,0(sp)
     19a:	0131                	addi	sp,sp,12
     19c:	30200073          	mret

000001a0 <TIM2_IRQHandler>:
     1a0:	1151                	addi	sp,sp,-12
     1a2:	c422                	sw	s0,8(sp)
     1a4:	c23a                	sw	a4,4(sp)
     1a6:	c03e                	sw	a5,0(sp)
     1a8:	0060                	addi	s0,sp,12
     1aa:	400007b7          	lui	a5,0x40000
     1ae:	2b9e                	lhu	a5,16(a5)
     1b0:	07c2                	slli	a5,a5,0x10
     1b2:	83c1                	srli	a5,a5,0x10
     1b4:	8b85                	andi	a5,a5,1
     1b6:	cf89                	beqz	a5,1d0 <TIM2_IRQHandler+0x30>
     1b8:	400007b7          	lui	a5,0x40000
     1bc:	2b9e                	lhu	a5,16(a5)
     1be:	01079713          	slli	a4,a5,0x10
     1c2:	8341                	srli	a4,a4,0x10
     1c4:	400007b7          	lui	a5,0x40000
     1c8:	9b79                	andi	a4,a4,-2
     1ca:	0742                	slli	a4,a4,0x10
     1cc:	8341                	srli	a4,a4,0x10
     1ce:	ab9a                	sh	a4,16(a5)
     1d0:	0001                	nop
     1d2:	4422                	lw	s0,8(sp)
     1d4:	4712                	lw	a4,4(sp)
     1d6:	4782                	lw	a5,0(sp)
     1d8:	0131                	addi	sp,sp,12
     1da:	30200073          	mret

000001de <DMA1_Channel1_IRQHandler>:
     1de:	1151                	addi	sp,sp,-12
     1e0:	c422                	sw	s0,8(sp)
     1e2:	c23a                	sw	a4,4(sp)
     1e4:	c03e                	sw	a5,0(sp)
     1e6:	0060                	addi	s0,sp,12
     1e8:	400207b7          	lui	a5,0x40020
     1ec:	439c                	lw	a5,0(a5)
     1ee:	8b89                	andi	a5,a5,2
     1f0:	cb95                	beqz	a5,224 <DMA1_Channel1_IRQHandler+0x46>
     1f2:	400207b7          	lui	a5,0x40020
     1f6:	43d8                	lw	a4,4(a5)
     1f8:	400207b7          	lui	a5,0x40020
     1fc:	00176713          	ori	a4,a4,1
     200:	c3d8                	sw	a4,4(a5)
     202:	80c1d783          	lhu	a5,-2036(gp) # 2000000c <ADC_RAW_Data>
     206:	07c2                	slli	a5,a5,0x10
     208:	83c1                	srli	a5,a5,0x10
     20a:	873e                	mv	a4,a5
     20c:	6785                	lui	a5,0x1
     20e:	0706                	slli	a4,a4,0x1
     210:	9bc78793          	addi	a5,a5,-1604 # 9bc <Arr>
     214:	97ba                	add	a5,a5,a4
     216:	239a                	lhu	a4,0(a5)
     218:	400137b7          	lui	a5,0x40013
     21c:	c0078793          	addi	a5,a5,-1024 # 40012c00 <__global_pointer$+0x20012400>
     220:	df98                	sw	a4,56(a5)
     222:	a831                	j	23e <DMA1_Channel1_IRQHandler+0x60>
     224:	400207b7          	lui	a5,0x40020
     228:	439c                	lw	a5,0(a5)
     22a:	8ba1                	andi	a5,a5,8
     22c:	cb89                	beqz	a5,23e <DMA1_Channel1_IRQHandler+0x60>
     22e:	400207b7          	lui	a5,0x40020
     232:	43d8                	lw	a4,4(a5)
     234:	400207b7          	lui	a5,0x40020
     238:	00176713          	ori	a4,a4,1
     23c:	c3d8                	sw	a4,4(a5)
     23e:	0001                	nop
     240:	4422                	lw	s0,8(sp)
     242:	4712                	lw	a4,4(sp)
     244:	4782                	lw	a5,0(sp)
     246:	0131                	addi	sp,sp,12
     248:	30200073          	mret

0000024c <SysTick_Handler>:
     24c:	1151                	addi	sp,sp,-12
     24e:	c422                	sw	s0,8(sp)
     250:	c23a                	sw	a4,4(sp)
     252:	c03e                	sw	a5,0(sp)
     254:	0060                	addi	s0,sp,12
     256:	e000f7b7          	lui	a5,0xe000f
     25a:	43d8                	lw	a4,4(a5)
     25c:	e000f7b7          	lui	a5,0xe000f
     260:	9b79                	andi	a4,a4,-2
     262:	c3d8                	sw	a4,4(a5)
     264:	200007b7          	lui	a5,0x20000
     268:	0007a783          	lw	a5,0(a5) # 20000000 <_data_vma>
     26c:	00178713          	addi	a4,a5,1
     270:	200007b7          	lui	a5,0x20000
     274:	00e7a023          	sw	a4,0(a5) # 20000000 <_data_vma>
     278:	200007b7          	lui	a5,0x20000
     27c:	0047a783          	lw	a5,4(a5) # 20000004 <Delay_counter_ms>
     280:	cb99                	beqz	a5,296 <SysTick_Handler+0x4a>
     282:	200007b7          	lui	a5,0x20000
     286:	0047a783          	lw	a5,4(a5) # 20000004 <Delay_counter_ms>
     28a:	fff78713          	addi	a4,a5,-1
     28e:	200007b7          	lui	a5,0x20000
     292:	00e7a223          	sw	a4,4(a5) # 20000004 <Delay_counter_ms>
     296:	200007b7          	lui	a5,0x20000
     29a:	0087a783          	lw	a5,8(a5) # 20000008 <Timeout_counter_ms>
     29e:	cb99                	beqz	a5,2b4 <SysTick_Handler+0x68>
     2a0:	200007b7          	lui	a5,0x20000
     2a4:	0087a783          	lw	a5,8(a5) # 20000008 <Timeout_counter_ms>
     2a8:	fff78713          	addi	a4,a5,-1
     2ac:	200007b7          	lui	a5,0x20000
     2b0:	00e7a423          	sw	a4,8(a5) # 20000008 <Timeout_counter_ms>
     2b4:	0001                	nop
     2b6:	4422                	lw	s0,8(sp)
     2b8:	4712                	lw	a4,4(sp)
     2ba:	4782                	lw	a5,0(sp)
     2bc:	0131                	addi	sp,sp,12
     2be:	30200073          	mret

000002c2 <NVIC_SetPriority>:
     2c2:	1151                	addi	sp,sp,-12
     2c4:	c422                	sw	s0,8(sp)
     2c6:	0060                	addi	s0,sp,12
     2c8:	fea42c23          	sw	a0,-8(s0)
     2cc:	87ae                	mv	a5,a1
     2ce:	fef40ba3          	sb	a5,-9(s0)
     2d2:	ff744703          	lbu	a4,-9(s0)
     2d6:	4785                	li	a5,1
     2d8:	00e7f563          	bgeu	a5,a4,2e2 <NVIC_SetPriority+0x20>
     2dc:	4785                	li	a5,1
     2de:	fef40ba3          	sb	a5,-9(s0)
     2e2:	e000e6b7          	lui	a3,0xe000e
     2e6:	ff744783          	lbu	a5,-9(s0)
     2ea:	079a                	slli	a5,a5,0x6
     2ec:	0ff7f713          	andi	a4,a5,255
     2f0:	ff842783          	lw	a5,-8(s0)
     2f4:	97b6                	add	a5,a5,a3
     2f6:	40e78023          	sb	a4,1024(a5)
     2fa:	0001                	nop
     2fc:	4422                	lw	s0,8(sp)
     2fe:	0131                	addi	sp,sp,12
     300:	8082                	ret

00000302 <RVMSIS_RCC_SystemClock_48MHz>:
     302:	1171                	addi	sp,sp,-4
     304:	c022                	sw	s0,0(sp)
     306:	0040                	addi	s0,sp,4
     308:	400217b7          	lui	a5,0x40021
     30c:	4398                	lw	a4,0(a5)
     30e:	400217b7          	lui	a5,0x40021
     312:	00176713          	ori	a4,a4,1
     316:	c398                	sw	a4,0(a5)
     318:	0001                	nop
     31a:	400217b7          	lui	a5,0x40021
     31e:	439c                	lw	a5,0(a5)
     320:	8b89                	andi	a5,a5,2
     322:	dfe5                	beqz	a5,31a <RVMSIS_RCC_SystemClock_48MHz+0x18>
     324:	400217b7          	lui	a5,0x40021
     328:	4394                	lw	a3,0(a5)
     32a:	400217b7          	lui	a5,0x40021
     32e:	fffc0737          	lui	a4,0xfffc0
     332:	177d                	addi	a4,a4,-1
     334:	8f75                	and	a4,a4,a3
     336:	c398                	sw	a4,0(a5)
     338:	400217b7          	lui	a5,0x40021
     33c:	4394                	lw	a3,0(a5)
     33e:	400217b7          	lui	a5,0x40021
     342:	7741                	lui	a4,0xffff0
     344:	177d                	addi	a4,a4,-1
     346:	8f75                	and	a4,a4,a3
     348:	c398                	sw	a4,0(a5)
     34a:	400217b7          	lui	a5,0x40021
     34e:	4394                	lw	a3,0(a5)
     350:	400217b7          	lui	a5,0x40021
     354:	fff80737          	lui	a4,0xfff80
     358:	177d                	addi	a4,a4,-1
     35a:	8f75                	and	a4,a4,a3
     35c:	c398                	sw	a4,0(a5)
     35e:	400217b7          	lui	a5,0x40021
     362:	43d8                	lw	a4,4(a5)
     364:	400217b7          	lui	a5,0x40021
     368:	9b71                	andi	a4,a4,-4
     36a:	c3d8                	sw	a4,4(a5)
     36c:	400217b7          	lui	a5,0x40021
     370:	4394                	lw	a3,0(a5)
     372:	400217b7          	lui	a5,0x40021
     376:	ff000737          	lui	a4,0xff000
     37a:	177d                	addi	a4,a4,-1
     37c:	8f75                	and	a4,a4,a3
     37e:	c398                	sw	a4,0(a5)
     380:	400217b7          	lui	a5,0x40021
     384:	43d8                	lw	a4,4(a5)
     386:	400217b7          	lui	a5,0x40021
     38a:	f0f77713          	andi	a4,a4,-241
     38e:	c3d8                	sw	a4,4(a5)
     390:	400227b7          	lui	a5,0x40022
     394:	4398                	lw	a4,0(a5)
     396:	400227b7          	lui	a5,0x40022
     39a:	9b71                	andi	a4,a4,-4
     39c:	c398                	sw	a4,0(a5)
     39e:	400227b7          	lui	a5,0x40022
     3a2:	4398                	lw	a4,0(a5)
     3a4:	400227b7          	lui	a5,0x40022
     3a8:	00176713          	ori	a4,a4,1
     3ac:	c398                	sw	a4,0(a5)
     3ae:	400217b7          	lui	a5,0x40021
     3b2:	43d8                	lw	a4,4(a5)
     3b4:	77c9                	lui	a5,0xffff2
     3b6:	17fd                	addi	a5,a5,-1
     3b8:	00f776b3          	and	a3,a4,a5
     3bc:	400217b7          	lui	a5,0x40021
     3c0:	6709                	lui	a4,0x2
     3c2:	8f55                	or	a4,a4,a3
     3c4:	c3d8                	sw	a4,4(a5)
     3c6:	400217b7          	lui	a5,0x40021
     3ca:	43d4                	lw	a3,4(a5)
     3cc:	400217b7          	lui	a5,0x40021
     3d0:	7741                	lui	a4,0xffff0
     3d2:	177d                	addi	a4,a4,-1
     3d4:	8f75                	and	a4,a4,a3
     3d6:	c3d8                	sw	a4,4(a5)
     3d8:	400217b7          	lui	a5,0x40021
     3dc:	4394                	lw	a3,0(a5)
     3de:	400217b7          	lui	a5,0x40021
     3e2:	01000737          	lui	a4,0x1000
     3e6:	8f55                	or	a4,a4,a3
     3e8:	c398                	sw	a4,0(a5)
     3ea:	400217b7          	lui	a5,0x40021
     3ee:	43dc                	lw	a5,4(a5)
     3f0:	ffc7f713          	andi	a4,a5,-4
     3f4:	400217b7          	lui	a5,0x40021
     3f8:	00276713          	ori	a4,a4,2
     3fc:	c3d8                	sw	a4,4(a5)
     3fe:	0001                	nop
     400:	400217b7          	lui	a5,0x40021
     404:	4398                	lw	a4,0(a5)
     406:	020007b7          	lui	a5,0x2000
     40a:	8ff9                	and	a5,a5,a4
     40c:	dbf5                	beqz	a5,400 <RVMSIS_RCC_SystemClock_48MHz+0xfe>
     40e:	400217b7          	lui	a5,0x40021
     412:	43dc                	lw	a5,4(a5)
     414:	ff37f713          	andi	a4,a5,-13
     418:	400217b7          	lui	a5,0x40021
     41c:	00876713          	ori	a4,a4,8
     420:	c3d8                	sw	a4,4(a5)
     422:	0001                	nop
     424:	4402                	lw	s0,0(sp)
     426:	0111                	addi	sp,sp,4
     428:	8082                	ret

0000042a <RVMSIS_SysTick_Timer_init>:
     42a:	1141                	addi	sp,sp,-16
     42c:	c606                	sw	ra,12(sp)
     42e:	c422                	sw	s0,8(sp)
     430:	0800                	addi	s0,sp,16
     432:	e000f7b7          	lui	a5,0xe000f
     436:	4398                	lw	a4,0(a5)
     438:	e000f7b7          	lui	a5,0xe000f
     43c:	9b79                	andi	a4,a4,-2
     43e:	c398                	sw	a4,0(a5)
     440:	e000f7b7          	lui	a5,0xe000f
     444:	4398                	lw	a4,0(a5)
     446:	e000f7b7          	lui	a5,0xe000f
     44a:	00276713          	ori	a4,a4,2
     44e:	c398                	sw	a4,0(a5)
     450:	e000f7b7          	lui	a5,0xe000f
     454:	4398                	lw	a4,0(a5)
     456:	e000f7b7          	lui	a5,0xe000f
     45a:	9b6d                	andi	a4,a4,-5
     45c:	c398                	sw	a4,0(a5)
     45e:	e000f7b7          	lui	a5,0xe000f
     462:	4398                	lw	a4,0(a5)
     464:	e000f7b7          	lui	a5,0xe000f
     468:	00876713          	ori	a4,a4,8
     46c:	c398                	sw	a4,0(a5)
     46e:	e000f7b7          	lui	a5,0xe000f
     472:	6705                	lui	a4,0x1
     474:	76f70713          	addi	a4,a4,1903 # 176f <_data_lma+0x5b3>
     478:	cb98                	sw	a4,16(a5)
     47a:	e000f7b7          	lui	a5,0xe000f
     47e:	6705                	lui	a4,0x1
     480:	76f70713          	addi	a4,a4,1903 # 176f <_data_lma+0x5b3>
     484:	c798                	sw	a4,8(a5)
     486:	47b1                	li	a5,12
     488:	fef42823          	sw	a5,-16(s0)
     48c:	ff042783          	lw	a5,-16(s0)
     490:	8bfd                	andi	a5,a5,31
     492:	4705                	li	a4,1
     494:	00f716b3          	sll	a3,a4,a5
     498:	e000e737          	lui	a4,0xe000e
     49c:	ff042783          	lw	a5,-16(s0)
     4a0:	8395                	srli	a5,a5,0x5
     4a2:	04078793          	addi	a5,a5,64 # e000f040 <__global_pointer$+0xc000e840>
     4a6:	078a                	slli	a5,a5,0x2
     4a8:	97ba                	add	a5,a5,a4
     4aa:	c394                	sw	a3,0(a5)
     4ac:	4585                	li	a1,1
     4ae:	4531                	li	a0,12
     4b0:	3d09                	jal	2c2 <NVIC_SetPriority>
     4b2:	e000f7b7          	lui	a5,0xe000f
     4b6:	4398                	lw	a4,0(a5)
     4b8:	e000f7b7          	lui	a5,0xe000f
     4bc:	00176713          	ori	a4,a4,1
     4c0:	c398                	sw	a4,0(a5)
     4c2:	0001                	nop
     4c4:	40b2                	lw	ra,12(sp)
     4c6:	4422                	lw	s0,8(sp)
     4c8:	0141                	addi	sp,sp,16
     4ca:	8082                	ret

000004cc <Delay_ms>:
     4cc:	1161                	addi	sp,sp,-8
     4ce:	c222                	sw	s0,4(sp)
     4d0:	0020                	addi	s0,sp,8
     4d2:	fea42c23          	sw	a0,-8(s0)
     4d6:	200007b7          	lui	a5,0x20000
     4da:	ff842703          	lw	a4,-8(s0)
     4de:	00e7a223          	sw	a4,4(a5) # 20000004 <Delay_counter_ms>
     4e2:	0001                	nop
     4e4:	200007b7          	lui	a5,0x20000
     4e8:	0047a783          	lw	a5,4(a5) # 20000004 <Delay_counter_ms>
     4ec:	ffe5                	bnez	a5,4e4 <Delay_ms+0x18>
     4ee:	0001                	nop
     4f0:	4412                	lw	s0,4(sp)
     4f2:	0121                	addi	sp,sp,8
     4f4:	8082                	ret

000004f6 <RVMSIS_GPIO_MODE_Set>:
     4f6:	1141                	addi	sp,sp,-16
     4f8:	c622                	sw	s0,12(sp)
     4fa:	0800                	addi	s0,sp,16
     4fc:	fea42a23          	sw	a0,-12(s0)
     500:	87ae                	mv	a5,a1
     502:	8736                	mv	a4,a3
     504:	fef409a3          	sb	a5,-13(s0)
     508:	87b2                	mv	a5,a2
     50a:	fef40923          	sb	a5,-14(s0)
     50e:	87ba                	mv	a5,a4
     510:	fef408a3          	sb	a5,-15(s0)
     514:	fe040da3          	sb	zero,-5(s0)
     518:	ff244783          	lbu	a5,-14(s0)
     51c:	c789                	beqz	a5,526 <RVMSIS_GPIO_MODE_Set+0x30>
     51e:	4705                	li	a4,1
     520:	02e78e63          	beq	a5,a4,55c <RVMSIS_GPIO_MODE_Set+0x66>
     524:	a8a5                	j	59c <RVMSIS_GPIO_MODE_Set+0xa6>
     526:	ff344783          	lbu	a5,-13(s0)
     52a:	078a                	slli	a5,a5,0x2
     52c:	fef40da3          	sb	a5,-5(s0)
     530:	ff442783          	lw	a5,-12(s0)
     534:	4398                	lw	a4,0(a5)
     536:	ffb44783          	lbu	a5,-5(s0)
     53a:	468d                	li	a3,3
     53c:	00f697b3          	sll	a5,a3,a5
     540:	fff7c793          	not	a5,a5
     544:	8ff9                	and	a5,a5,a4
     546:	ff144683          	lbu	a3,-15(s0)
     54a:	ffb44703          	lbu	a4,-5(s0)
     54e:	00e69733          	sll	a4,a3,a4
     552:	8f5d                	or	a4,a4,a5
     554:	ff442783          	lw	a5,-12(s0)
     558:	c398                	sw	a4,0(a5)
     55a:	a089                	j	59c <RVMSIS_GPIO_MODE_Set+0xa6>
     55c:	ff344783          	lbu	a5,-13(s0)
     560:	17e1                	addi	a5,a5,-8
     562:	fef409a3          	sb	a5,-13(s0)
     566:	ff344783          	lbu	a5,-13(s0)
     56a:	078a                	slli	a5,a5,0x2
     56c:	fef40da3          	sb	a5,-5(s0)
     570:	ff442783          	lw	a5,-12(s0)
     574:	43d8                	lw	a4,4(a5)
     576:	ffb44783          	lbu	a5,-5(s0)
     57a:	468d                	li	a3,3
     57c:	00f697b3          	sll	a5,a3,a5
     580:	fff7c793          	not	a5,a5
     584:	8ff9                	and	a5,a5,a4
     586:	ff144683          	lbu	a3,-15(s0)
     58a:	ffb44703          	lbu	a4,-5(s0)
     58e:	00e69733          	sll	a4,a3,a4
     592:	8f5d                	or	a4,a4,a5
     594:	ff442783          	lw	a5,-12(s0)
     598:	c3d8                	sw	a4,4(a5)
     59a:	0001                	nop
     59c:	0001                	nop
     59e:	4432                	lw	s0,12(sp)
     5a0:	0141                	addi	sp,sp,16
     5a2:	8082                	ret

000005a4 <RVMSIS_GPIO_SPEED_Set>:
     5a4:	1121                	addi	sp,sp,-24
     5a6:	ca06                	sw	ra,20(sp)
     5a8:	c822                	sw	s0,16(sp)
     5aa:	0820                	addi	s0,sp,24
     5ac:	fea42623          	sw	a0,-20(s0)
     5b0:	87ae                	mv	a5,a1
     5b2:	8732                	mv	a4,a2
     5b4:	fef405a3          	sb	a5,-21(s0)
     5b8:	87ba                	mv	a5,a4
     5ba:	fef40523          	sb	a5,-22(s0)
     5be:	fe0409a3          	sb	zero,-13(s0)
     5c2:	feb44703          	lbu	a4,-21(s0)
     5c6:	479d                	li	a5,7
     5c8:	00e7e563          	bltu	a5,a4,5d2 <RVMSIS_GPIO_SPEED_Set+0x2e>
     5cc:	fe0409a3          	sb	zero,-13(s0)
     5d0:	a021                	j	5d8 <RVMSIS_GPIO_SPEED_Set+0x34>
     5d2:	4785                	li	a5,1
     5d4:	fef409a3          	sb	a5,-13(s0)
     5d8:	fea44783          	lbu	a5,-22(s0)
     5dc:	ef81                	bnez	a5,5f4 <RVMSIS_GPIO_SPEED_Set+0x50>
     5de:	ff344703          	lbu	a4,-13(s0)
     5e2:	feb44783          	lbu	a5,-21(s0)
     5e6:	4681                	li	a3,0
     5e8:	863a                	mv	a2,a4
     5ea:	85be                	mv	a1,a5
     5ec:	fec42503          	lw	a0,-20(s0)
     5f0:	3719                	jal	4f6 <RVMSIS_GPIO_MODE_Set>
     5f2:	a085                	j	652 <RVMSIS_GPIO_SPEED_Set+0xae>
     5f4:	fea44703          	lbu	a4,-22(s0)
     5f8:	4785                	li	a5,1
     5fa:	00f71d63          	bne	a4,a5,614 <RVMSIS_GPIO_SPEED_Set+0x70>
     5fe:	ff344703          	lbu	a4,-13(s0)
     602:	feb44783          	lbu	a5,-21(s0)
     606:	4685                	li	a3,1
     608:	863a                	mv	a2,a4
     60a:	85be                	mv	a1,a5
     60c:	fec42503          	lw	a0,-20(s0)
     610:	35dd                	jal	4f6 <RVMSIS_GPIO_MODE_Set>
     612:	a081                	j	652 <RVMSIS_GPIO_SPEED_Set+0xae>
     614:	fea44703          	lbu	a4,-22(s0)
     618:	4789                	li	a5,2
     61a:	00f71d63          	bne	a4,a5,634 <RVMSIS_GPIO_SPEED_Set+0x90>
     61e:	ff344703          	lbu	a4,-13(s0)
     622:	feb44783          	lbu	a5,-21(s0)
     626:	4689                	li	a3,2
     628:	863a                	mv	a2,a4
     62a:	85be                	mv	a1,a5
     62c:	fec42503          	lw	a0,-20(s0)
     630:	35d9                	jal	4f6 <RVMSIS_GPIO_MODE_Set>
     632:	a005                	j	652 <RVMSIS_GPIO_SPEED_Set+0xae>
     634:	fea44703          	lbu	a4,-22(s0)
     638:	478d                	li	a5,3
     63a:	00f71c63          	bne	a4,a5,652 <RVMSIS_GPIO_SPEED_Set+0xae>
     63e:	ff344703          	lbu	a4,-13(s0)
     642:	feb44783          	lbu	a5,-21(s0)
     646:	468d                	li	a3,3
     648:	863a                	mv	a2,a4
     64a:	85be                	mv	a1,a5
     64c:	fec42503          	lw	a0,-20(s0)
     650:	355d                	jal	4f6 <RVMSIS_GPIO_MODE_Set>
     652:	0001                	nop
     654:	40d2                	lw	ra,20(sp)
     656:	4442                	lw	s0,16(sp)
     658:	0161                	addi	sp,sp,24
     65a:	8082                	ret

0000065c <RVMSIS_GPIO_CNF_Set>:
     65c:	1141                	addi	sp,sp,-16
     65e:	c622                	sw	s0,12(sp)
     660:	0800                	addi	s0,sp,16
     662:	fea42c23          	sw	a0,-8(s0)
     666:	87ae                	mv	a5,a1
     668:	8732                	mv	a4,a2
     66a:	fed42823          	sw	a3,-16(s0)
     66e:	fef40ba3          	sb	a5,-9(s0)
     672:	87ba                	mv	a5,a4
     674:	fef40b23          	sb	a5,-10(s0)
     678:	ff744783          	lbu	a5,-9(s0)
     67c:	c789                	beqz	a5,686 <RVMSIS_GPIO_CNF_Set+0x2a>
     67e:	4705                	li	a4,1
     680:	02e78d63          	beq	a5,a4,6ba <RVMSIS_GPIO_CNF_Set+0x5e>
     684:	a09d                	j	6ea <RVMSIS_GPIO_CNF_Set+0x8e>
     686:	ff842783          	lw	a5,-8(s0)
     68a:	4398                	lw	a4,0(a5)
     68c:	ff042783          	lw	a5,-16(s0)
     690:	239c                	lbu	a5,0(a5)
     692:	86be                	mv	a3,a5
     694:	478d                	li	a5,3
     696:	00d797b3          	sll	a5,a5,a3
     69a:	fff7c793          	not	a5,a5
     69e:	8ff9                	and	a5,a5,a4
     6a0:	ff644703          	lbu	a4,-10(s0)
     6a4:	ff042683          	lw	a3,-16(s0)
     6a8:	2294                	lbu	a3,0(a3)
     6aa:	00d71733          	sll	a4,a4,a3
     6ae:	8f5d                	or	a4,a4,a5
     6b0:	ff842783          	lw	a5,-8(s0)
     6b4:	c398                	sw	a4,0(a5)
     6b6:	0001                	nop
     6b8:	a80d                	j	6ea <RVMSIS_GPIO_CNF_Set+0x8e>
     6ba:	ff842783          	lw	a5,-8(s0)
     6be:	43d8                	lw	a4,4(a5)
     6c0:	ff042783          	lw	a5,-16(s0)
     6c4:	239c                	lbu	a5,0(a5)
     6c6:	86be                	mv	a3,a5
     6c8:	478d                	li	a5,3
     6ca:	00d797b3          	sll	a5,a5,a3
     6ce:	fff7c793          	not	a5,a5
     6d2:	8ff9                	and	a5,a5,a4
     6d4:	ff644703          	lbu	a4,-10(s0)
     6d8:	ff042683          	lw	a3,-16(s0)
     6dc:	2294                	lbu	a3,0(a3)
     6de:	00d71733          	sll	a4,a4,a3
     6e2:	8f5d                	or	a4,a4,a5
     6e4:	ff842783          	lw	a5,-8(s0)
     6e8:	c3d8                	sw	a4,4(a5)
     6ea:	0001                	nop
     6ec:	4432                	lw	s0,12(sp)
     6ee:	0141                	addi	sp,sp,16
     6f0:	8082                	ret

000006f2 <RVMSIS_GPIO_Reg_Set>:
     6f2:	1111                	addi	sp,sp,-28
     6f4:	cc06                	sw	ra,24(sp)
     6f6:	ca22                	sw	s0,20(sp)
     6f8:	0860                	addi	s0,sp,28
     6fa:	fea42823          	sw	a0,-16(s0)
     6fe:	feb42623          	sw	a1,-20(s0)
     702:	fef42223          	sw	a5,-28(s0)
     706:	87b2                	mv	a5,a2
     708:	fef405a3          	sb	a5,-21(s0)
     70c:	87b6                	mv	a5,a3
     70e:	fef40523          	sb	a5,-22(s0)
     712:	87ba                	mv	a5,a4
     714:	fef404a3          	sb	a5,-23(s0)
     718:	feb44783          	lbu	a5,-21(s0)
     71c:	4705                	li	a4,1
     71e:	04e78563          	beq	a5,a4,768 <RVMSIS_GPIO_Reg_Set+0x76>
     722:	4709                	li	a4,2
     724:	08e78063          	beq	a5,a4,7a4 <RVMSIS_GPIO_Reg_Set+0xb2>
     728:	12079c63          	bnez	a5,860 <RVMSIS_GPIO_Reg_Set+0x16e>
     72c:	fea44783          	lbu	a5,-22(s0)
     730:	c789                	beqz	a5,73a <RVMSIS_GPIO_Reg_Set+0x48>
     732:	4705                	li	a4,1
     734:	00e78e63          	beq	a5,a4,750 <RVMSIS_GPIO_Reg_Set+0x5e>
     738:	a225                	j	860 <RVMSIS_GPIO_Reg_Set+0x16e>
     73a:	fe442703          	lw	a4,-28(s0)
     73e:	fe944783          	lbu	a5,-23(s0)
     742:	86ba                	mv	a3,a4
     744:	4601                	li	a2,0
     746:	85be                	mv	a1,a5
     748:	ff042503          	lw	a0,-16(s0)
     74c:	3f01                	jal	65c <RVMSIS_GPIO_CNF_Set>
     74e:	a821                	j	766 <RVMSIS_GPIO_Reg_Set+0x74>
     750:	fe442703          	lw	a4,-28(s0)
     754:	fe944783          	lbu	a5,-23(s0)
     758:	86ba                	mv	a3,a4
     75a:	4605                	li	a2,1
     75c:	85be                	mv	a1,a5
     75e:	ff042503          	lw	a0,-16(s0)
     762:	3ded                	jal	65c <RVMSIS_GPIO_CNF_Set>
     764:	0001                	nop
     766:	a8ed                	j	860 <RVMSIS_GPIO_Reg_Set+0x16e>
     768:	fea44783          	lbu	a5,-22(s0)
     76c:	c789                	beqz	a5,776 <RVMSIS_GPIO_Reg_Set+0x84>
     76e:	4705                	li	a4,1
     770:	00e78e63          	beq	a5,a4,78c <RVMSIS_GPIO_Reg_Set+0x9a>
     774:	a0f5                	j	860 <RVMSIS_GPIO_Reg_Set+0x16e>
     776:	fe442703          	lw	a4,-28(s0)
     77a:	fe944783          	lbu	a5,-23(s0)
     77e:	86ba                	mv	a3,a4
     780:	4609                	li	a2,2
     782:	85be                	mv	a1,a5
     784:	ff042503          	lw	a0,-16(s0)
     788:	3dd1                	jal	65c <RVMSIS_GPIO_CNF_Set>
     78a:	a821                	j	7a2 <RVMSIS_GPIO_Reg_Set+0xb0>
     78c:	fe442703          	lw	a4,-28(s0)
     790:	fe944783          	lbu	a5,-23(s0)
     794:	86ba                	mv	a3,a4
     796:	460d                	li	a2,3
     798:	85be                	mv	a1,a5
     79a:	ff042503          	lw	a0,-16(s0)
     79e:	3d7d                	jal	65c <RVMSIS_GPIO_CNF_Set>
     7a0:	0001                	nop
     7a2:	a87d                	j	860 <RVMSIS_GPIO_Reg_Set+0x16e>
     7a4:	fea44783          	lbu	a5,-22(s0)
     7a8:	470d                	li	a4,3
     7aa:	02e78b63          	beq	a5,a4,7e0 <RVMSIS_GPIO_Reg_Set+0xee>
     7ae:	470d                	li	a4,3
     7b0:	00f74663          	blt	a4,a5,7bc <RVMSIS_GPIO_Reg_Set+0xca>
     7b4:	4709                	li	a4,2
     7b6:	00e78a63          	beq	a5,a4,7ca <RVMSIS_GPIO_Reg_Set+0xd8>
     7ba:	a055                	j	85e <RVMSIS_GPIO_Reg_Set+0x16c>
     7bc:	4711                	li	a4,4
     7be:	02e78c63          	beq	a5,a4,7f6 <RVMSIS_GPIO_Reg_Set+0x104>
     7c2:	4715                	li	a4,5
     7c4:	06e78463          	beq	a5,a4,82c <RVMSIS_GPIO_Reg_Set+0x13a>
     7c8:	a859                	j	85e <RVMSIS_GPIO_Reg_Set+0x16c>
     7ca:	fe442703          	lw	a4,-28(s0)
     7ce:	fe944783          	lbu	a5,-23(s0)
     7d2:	86ba                	mv	a3,a4
     7d4:	4601                	li	a2,0
     7d6:	85be                	mv	a1,a5
     7d8:	ff042503          	lw	a0,-16(s0)
     7dc:	3541                	jal	65c <RVMSIS_GPIO_CNF_Set>
     7de:	a041                	j	85e <RVMSIS_GPIO_Reg_Set+0x16c>
     7e0:	fe442703          	lw	a4,-28(s0)
     7e4:	fe944783          	lbu	a5,-23(s0)
     7e8:	86ba                	mv	a3,a4
     7ea:	4605                	li	a2,1
     7ec:	85be                	mv	a1,a5
     7ee:	ff042503          	lw	a0,-16(s0)
     7f2:	35ad                	jal	65c <RVMSIS_GPIO_CNF_Set>
     7f4:	a0ad                	j	85e <RVMSIS_GPIO_Reg_Set+0x16c>
     7f6:	fe442703          	lw	a4,-28(s0)
     7fa:	fe944783          	lbu	a5,-23(s0)
     7fe:	86ba                	mv	a3,a4
     800:	4609                	li	a2,2
     802:	85be                	mv	a1,a5
     804:	ff042503          	lw	a0,-16(s0)
     808:	3d91                	jal	65c <RVMSIS_GPIO_CNF_Set>
     80a:	ff042783          	lw	a5,-16(s0)
     80e:	47d8                	lw	a4,12(a5)
     810:	fec42783          	lw	a5,-20(s0)
     814:	239c                	lbu	a5,0(a5)
     816:	86be                	mv	a3,a5
     818:	4785                	li	a5,1
     81a:	00d797b3          	sll	a5,a5,a3
     81e:	fff7c793          	not	a5,a5
     822:	8f7d                	and	a4,a4,a5
     824:	ff042783          	lw	a5,-16(s0)
     828:	c7d8                	sw	a4,12(a5)
     82a:	a815                	j	85e <RVMSIS_GPIO_Reg_Set+0x16c>
     82c:	fe442703          	lw	a4,-28(s0)
     830:	fe944783          	lbu	a5,-23(s0)
     834:	86ba                	mv	a3,a4
     836:	4609                	li	a2,2
     838:	85be                	mv	a1,a5
     83a:	ff042503          	lw	a0,-16(s0)
     83e:	3d39                	jal	65c <RVMSIS_GPIO_CNF_Set>
     840:	ff042783          	lw	a5,-16(s0)
     844:	47d8                	lw	a4,12(a5)
     846:	fec42783          	lw	a5,-20(s0)
     84a:	239c                	lbu	a5,0(a5)
     84c:	86be                	mv	a3,a5
     84e:	4785                	li	a5,1
     850:	00d797b3          	sll	a5,a5,a3
     854:	8f5d                	or	a4,a4,a5
     856:	ff042783          	lw	a5,-16(s0)
     85a:	c7d8                	sw	a4,12(a5)
     85c:	0001                	nop
     85e:	0001                	nop
     860:	0001                	nop
     862:	40e2                	lw	ra,24(sp)
     864:	4452                	lw	s0,20(sp)
     866:	0171                	addi	sp,sp,28
     868:	8082                	ret

0000086a <RVMSIS_GPIO_init>:
     86a:	1121                	addi	sp,sp,-24
     86c:	ca06                	sw	ra,20(sp)
     86e:	c822                	sw	s0,16(sp)
     870:	0820                	addi	s0,sp,24
     872:	fea42623          	sw	a0,-20(s0)
     876:	87ae                	mv	a5,a1
     878:	fef405a3          	sb	a5,-21(s0)
     87c:	87b2                	mv	a5,a2
     87e:	fef40523          	sb	a5,-22(s0)
     882:	87b6                	mv	a5,a3
     884:	fef404a3          	sb	a5,-23(s0)
     888:	87ba                	mv	a5,a4
     88a:	fef40423          	sb	a5,-24(s0)
     88e:	fe0409a3          	sb	zero,-13(s0)
     892:	fec42703          	lw	a4,-20(s0)
     896:	400117b7          	lui	a5,0x40011
     89a:	80078793          	addi	a5,a5,-2048 # 40010800 <__global_pointer$+0x20010000>
     89e:	00f71b63          	bne	a4,a5,8b4 <RVMSIS_GPIO_init+0x4a>
     8a2:	400217b7          	lui	a5,0x40021
     8a6:	4f98                	lw	a4,24(a5)
     8a8:	400217b7          	lui	a5,0x40021
     8ac:	00476713          	ori	a4,a4,4
     8b0:	cf98                	sw	a4,24(a5)
     8b2:	a081                	j	8f2 <RVMSIS_GPIO_init+0x88>
     8b4:	fec42703          	lw	a4,-20(s0)
     8b8:	400117b7          	lui	a5,0x40011
     8bc:	00f71b63          	bne	a4,a5,8d2 <RVMSIS_GPIO_init+0x68>
     8c0:	400217b7          	lui	a5,0x40021
     8c4:	4f98                	lw	a4,24(a5)
     8c6:	400217b7          	lui	a5,0x40021
     8ca:	01076713          	ori	a4,a4,16
     8ce:	cf98                	sw	a4,24(a5)
     8d0:	a00d                	j	8f2 <RVMSIS_GPIO_init+0x88>
     8d2:	fec42703          	lw	a4,-20(s0)
     8d6:	400117b7          	lui	a5,0x40011
     8da:	40078793          	addi	a5,a5,1024 # 40011400 <__global_pointer$+0x20010c00>
     8de:	00f71a63          	bne	a4,a5,8f2 <RVMSIS_GPIO_init+0x88>
     8e2:	400217b7          	lui	a5,0x40021
     8e6:	4f98                	lw	a4,24(a5)
     8e8:	400217b7          	lui	a5,0x40021
     8ec:	02076713          	ori	a4,a4,32
     8f0:	cf98                	sw	a4,24(a5)
     8f2:	feb44783          	lbu	a5,-21(s0)
     8f6:	fe844703          	lbu	a4,-24(s0)
     8fa:	863a                	mv	a2,a4
     8fc:	85be                	mv	a1,a5
     8fe:	fec42503          	lw	a0,-20(s0)
     902:	314d                	jal	5a4 <RVMSIS_GPIO_SPEED_Set>
     904:	feb44703          	lbu	a4,-21(s0)
     908:	479d                	li	a5,7
     90a:	02e7e963          	bltu	a5,a4,93c <RVMSIS_GPIO_init+0xd2>
     90e:	feb44783          	lbu	a5,-21(s0)
     912:	078a                	slli	a5,a5,0x2
     914:	0ff7f793          	andi	a5,a5,255
     918:	0789                	addi	a5,a5,2
     91a:	0ff7f793          	andi	a5,a5,255
     91e:	fef409a3          	sb	a5,-13(s0)
     922:	ff340793          	addi	a5,s0,-13
     926:	fe944683          	lbu	a3,-23(s0)
     92a:	fea44603          	lbu	a2,-22(s0)
     92e:	feb40593          	addi	a1,s0,-21
     932:	4701                	li	a4,0
     934:	fec42503          	lw	a0,-20(s0)
     938:	3b6d                	jal	6f2 <RVMSIS_GPIO_Reg_Set>
     93a:	a835                	j	976 <RVMSIS_GPIO_init+0x10c>
     93c:	feb44783          	lbu	a5,-21(s0)
     940:	17e1                	addi	a5,a5,-8
     942:	0ff7f793          	andi	a5,a5,255
     946:	fef405a3          	sb	a5,-21(s0)
     94a:	feb44783          	lbu	a5,-21(s0)
     94e:	078a                	slli	a5,a5,0x2
     950:	0ff7f793          	andi	a5,a5,255
     954:	0789                	addi	a5,a5,2
     956:	0ff7f793          	andi	a5,a5,255
     95a:	fef409a3          	sb	a5,-13(s0)
     95e:	ff340793          	addi	a5,s0,-13
     962:	fe944683          	lbu	a3,-23(s0)
     966:	fea44603          	lbu	a2,-22(s0)
     96a:	feb40593          	addi	a1,s0,-21
     96e:	4705                	li	a4,1
     970:	fec42503          	lw	a0,-20(s0)
     974:	3bbd                	jal	6f2 <RVMSIS_GPIO_Reg_Set>
     976:	0001                	nop
     978:	40d2                	lw	ra,20(sp)
     97a:	4442                	lw	s0,16(sp)
     97c:	0161                	addi	sp,sp,24
     97e:	8082                	ret

00000980 <main>:
     980:	1151                	addi	sp,sp,-12
     982:	c406                	sw	ra,8(sp)
     984:	c222                	sw	s0,4(sp)
     986:	0060                	addi	s0,sp,12
     988:	3aad                	jal	302 <RVMSIS_RCC_SystemClock_48MHz>
     98a:	3445                	jal	42a <RVMSIS_SysTick_Timer_init>
     98c:	470d                	li	a4,3
     98e:	4681                	li	a3,0
     990:	4601                	li	a2,0
     992:	4589                	li	a1,2
     994:	40011537          	lui	a0,0x40011
     998:	3dc9                	jal	86a <RVMSIS_GPIO_init>
     99a:	400117b7          	lui	a5,0x40011
     99e:	4711                	li	a4,4
     9a0:	cb98                	sw	a4,16(a5)
     9a2:	06400513          	li	a0,100
     9a6:	361d                	jal	4cc <Delay_ms>
     9a8:	400117b7          	lui	a5,0x40011
     9ac:	00040737          	lui	a4,0x40
     9b0:	cb98                	sw	a4,16(a5)
     9b2:	06400513          	li	a0,100
     9b6:	3e19                	jal	4cc <Delay_ms>
     9b8:	b7cd                	j	99a <main+0x1a>
	...

000009bc <Arr>:
     9bc:	0000 0004 0004 0004 0004 0004 0004 0004     ................
     9cc:	0004 0004 0004 0004 0004 0004 0004 0004     ................
     9dc:	0004 0004 0004 0004 0004 0004 0004 0004     ................
     9ec:	0004 0004 0004 0004 0004 0005 0005 0005     ................
     9fc:	0005 0005 0005 0005 0005 0005 0005 0005     ................
     a0c:	0005 0005 0005 0005 0005 0005 0005 0005     ................
     a1c:	0005 0005 0005 0005 0005 0005 0005 0006     ................
     a2c:	0006 0006 0006 0006 0006 0006 0006 0006     ................
     a3c:	0006 0006 0006 0006 0006 0006 0006 0006     ................
     a4c:	0006 0006 0006 0006 0006 0006 0007 0007     ................
     a5c:	0007 0007 0007 0007 0007 0007 0007 0007     ................
     a6c:	0007 0007 0007 0007 0007 0007 0007 0007     ................
     a7c:	0007 0007 0008 0008 0008 0008 0008 0008     ................
     a8c:	0008 0008 0008 0008 0008 0008 0008 0008     ................
     a9c:	0008 0008 0008 0008 0009 0009 0009 0009     ................
     aac:	0009 0009 0009 0009 0009 0009 0009 0009     ................
     abc:	0009 0009 0009 000a 000a 000a 000a 000a     ................
     acc:	000a 000a 000a 000a 000a 000a 000a 000a     ................
     adc:	000a 000b 000b 000b 000b 000b 000b 000b     ................
     aec:	000b 000b 000b 000b 000b 000b 000c 000c     ................
     afc:	000c 000c 000c 000c 000c 000c 000c 000c     ................
     b0c:	000c 000c 000d 000d 000d 000d 000d 000d     ................
     b1c:	000d 000d 000d 000d 000d 000e 000e 000e     ................
     b2c:	000e 000e 000e 000e 000e 000e 000e 000f     ................
     b3c:	000f 000f 000f 000f 000f 000f 000f 000f     ................
     b4c:	000f 0010 0010 0010 0010 0010 0010 0010     ................
     b5c:	0010 0010 0011 0011 0011 0011 0011 0011     ................
     b6c:	0011 0011 0012 0012 0012 0012 0012 0012     ................
     b7c:	0012 0012 0012 0013 0013 0013 0013 0013     ................
     b8c:	0013 0013 0014 0014 0014 0014 0014 0014     ................
     b9c:	0014 0015 0015 0015 0015 0015 0015 0015     ................
     bac:	0016 0016 0016 0016 0016 0016 0016 0017     ................
     bbc:	0017 0017 0017 0017 0017 0018 0018 0018     ................
     bcc:	0018 0018 0018 0019 0019 0019 0019 0019     ................
     bdc:	0019 001a 001a 001a 001a 001a 001a 001b     ................
     bec:	001b 001b 001b 001b 001c 001c 001c 001c     ................
     bfc:	001c 001d 001d 001d 001d 001d 001e 001e     ................
     c0c:	001e 001e 001e 001f 001f 001f 001f 001f     ................
     c1c:	0020 0020 0020 0020 0020 0021 0021 0021      . . . . .!.!.!.
     c2c:	0021 0022 0022 0022 0022 0023 0023 0023     !.".".".".#.#.#.
     c3c:	0023 0024 0024 0024 0024 0025 0025 0025     #.$.$.$.$.%.%.%.
     c4c:	0025 0026 0026 0026 0026 0027 0027 0027     %.&.&.&.&.'.'.'.
     c5c:	0027 0028 0028 0028 0029 0029 0029 0029     '.(.(.(.).).).).
     c6c:	002a 002a 002a 002a 002b 002b 002b 002c     *.*.*.*.+.+.+.,.
     c7c:	002c 002c 002d 002d 002d 002d 002e 002e     ,.,.-.-.-.-.....
     c8c:	002e 002f 002f 002f 0030 0030 0030 0031     ../././.0.0.0.1.
     c9c:	0031 0031 0032 0032 0032 0033 0033 0033     1.1.2.2.2.3.3.3.
     cac:	0034 0034 0034 0035 0035 0036 0036 0036     4.4.4.5.5.6.6.6.
     cbc:	0037 0037 0037 0038 0038 0038 0039 0039     7.7.7.8.8.8.9.9.
     ccc:	003a 003a 003a 003b 003b 003c 003c 003c     :.:.:.;.;.<.<.<.
     cdc:	003d 003d 003e 003e 003f 003f 003f 0040     =.=.>.>.?.?.?.@.
     cec:	0040 0041 0041 0042 0042 0043 0043 0043     @.A.A.B.B.C.C.C.
     cfc:	0044 0044 0045 0045 0046 0046 0047 0047     D.D.E.E.F.F.G.G.
     d0c:	0048 0048 0049 0049 004a 004a 004b 004b     H.H.I.I.J.J.K.K.
     d1c:	004c 004c 004d 004d 004e 004e 004f 004f     L.L.M.M.N.N.O.O.
     d2c:	0050 0050 0051 0051 0052 0053 0053 0054     P.P.Q.Q.R.S.S.T.
     d3c:	0054 0055 0055 0056 0057 0057 0058 0058     T.U.U.V.W.W.X.X.
     d4c:	0059 005a 005a 005b 005c 005c 005d 005d     Y.Z.Z.[.\.\.].].
     d5c:	005e 005f 005f 0060 0061 0061 0062 0063     ^._._.`.a.a.b.c.
     d6c:	0063 0064 0065 0065 0066 0067 0067 0068     c.d.e.e.f.g.g.h.
     d7c:	0069 0069 006a 006b 006c 006c 006d 006e     i.i.j.k.l.l.m.n.
     d8c:	006f 006f 0070 0071 0072 0072 0073 0074     o.o.p.q.r.r.s.t.
     d9c:	0075 0075 0076 0077 0078 0079 007a 007a     u.u.v.w.x.y.z.z.
     dac:	007b 007c 007d 007e 007f 007f 0080 0081     {.|.}.~.........
     dbc:	0082 0083 0084 0085 0086 0087 0087 0088     ................
     dcc:	0089 008a 008b 008c 008d 008e 008f 0090     ................
     ddc:	0091 0092 0093 0094 0095 0096 0097 0098     ................
     dec:	0099 009a 009b 009c 009d 009e 009f 00a0     ................
     dfc:	00a1 00a3 00a4 00a5 00a6 00a7 00a8 00aa     ................
     e0c:	00ab 00ac 00ad 00ae 00af 00b0 00b2 00b3     ................
     e1c:	00b4 00b5 00b6 00b8 00b9 00ba 00bb 00bd     ................
     e2c:	00be 00bf 00c1 00c2 00c3 00c5 00c6 00c7     ................
     e3c:	00c8 00ca 00cb 00cc 00ce 00cf 00d1 00d2     ................
     e4c:	00d4 00d5 00d7 00d8 00d9 00db 00dc 00de     ................
     e5c:	00e0 00e1 00e2 00e4 00e6 00e7 00e8 00ea     ................
     e6c:	00ec 00ed 00ef 00f1 00f2 00f4 00f6 00f7     ................
     e7c:	00f9 00fb 00fc 00fe 0100 0101 0103 0105     ................
     e8c:	0107 0109 010a 010c 010e 0110 0112 0113     ................
     e9c:	0115 0117 0119 011b 011d 011f 0121 0123     ............!.#.
     eac:	0125 0127 0129 012b 012d 012f 0131 0133     %.'.).+.-./.1.3.
     ebc:	0135 0137 0139 013b 013d 013f 0142 0144     5.7.9.;.=.?.B.D.
     ecc:	0146 0149 014b 014d 014f 0151 0153 0156     F.I.K.M.O.Q.S.V.
     edc:	0158 015a 015d 015f 0162 0164 0167 0169     X.Z.]._.b.d.g.i.
     eec:	016b 016e 0170 0172 0175 0178 017a 017d     k.n.p.r.u.x.z.}.
     efc:	017f 0182 0185 0187 018a 018d 018f 0192     ................
     f0c:	0195 0198 019a 019d 01a0 01a3 01a5 01a9     ................
     f1c:	01ab 01ae 01b1 01b4 01b7 01ba 01bd 01c0     ................
     f2c:	01c3 01c6 01c9 01cd 01cf 01d2 01d6 01d9     ................
     f3c:	01dc 01df 01e3 01e6 01e8 01ec 01ef 01f3     ................
     f4c:	01f7 01fa 01fd 0201 0204 0207 020b 020f     ................
     f5c:	0212 0216 0219 021d 0221 0225 0228 022b     ........!.%.(.+.
     f6c:	0230 0233 0237 023b 023f 0242 0247 024b     0.3.7.;.?.B.G.K.
     f7c:	024e 0253 0257 025a 025f 0263 0267 026c     N.S.W.Z._.c.g.l.
     f8c:	026f 0273 0277 027c 0280 0284 0289 028d     o.s.w.|.........
     f9c:	0291 0297 029b 029f 02a4 02a8 02ad 02b2     ................
     fac:	02b6 02bb 02c0 02c5 02c9 02cf 02d3 02d8     ................
     fbc:	02dc 02e2 02e7 02eb 02f1 02f6 02fb 0301     ................
     fcc:	0305 030a 0311 0315 031a 0321 0326 032a     ..........!.&.*.
     fdc:	0331 0336 033b 0342 0347 034c 0351 0358     1.6.;.B.G.L.Q.X.
     fec:	035d 0363 036a 036f 0374 037c 0381 0387     ].c.j.o.t.|.....
     ffc:	038e 0394 0399 03a1 03a6 03ac 03b4 03ba     ................
    100c:	03bf 03c7 03cd 03d3 03d9 03e1 03e7 03ed     ................
    101c:	03f6 03fc 0402 040a 0411 0417 0420 0426     ............ .&.
    102c:	042d 0435 043c 0442 044b 0452 0459 0462     -.5.<.B.K.R.Y.b.
    103c:	0469 0470 0477 0480 0487 048e 0498 049f     i.p.w...........
    104c:	04a6 04b0 04b7 04bf 04c8 04d0 04d7 04e2     ................
    105c:	04e9 04f1 04fb 0503 050b 0513 051d 0525     ..............%.
    106c:	052d 0538 0540 0549 0554 055c 0564 0570     -.8.@.I.T.\.d.p.
    107c:	0578 0581 058c 0595 059e 05a9 05b2 05bb     x...............
    108c:	05c7 05d0 05d9 05e2 05ef 05f8 0601 060e     ................
    109c:	0617 0621 062e 0637 0641 064e 0658 0662     ..!...7.A.N.X.b.
    10ac:	066f 0679 0684 0691 069c 06a6 06b4 06be     o.y.............
    10bc:	06c9 06d3 06e2 06ec 06f7 0706 0711 071c     ................
    10cc:	072b 0736 0741 0750 075c 0767 0777 0783     +.6.A.P.\.g.w...
    10dc:	078e 079e 07aa 07b6 07c6 07d2 07df 07eb     ................
    10ec:	07fb 0808 0814 0825 0832 083f 0850 085d     ......%.2.?.P.].
    10fc:	086a 087c 0889 0896 08a8 08b6 08c4 08d6     j.|.............
    110c:	08e4 08f2 0900 0912 0921 092f 0942 0951     ........!./.B.Q.
    111c:	095f 0973 0982 0990 09a4 09b4 09c3 09d7     _.s.............
    112c:	09e7 09f6 0a0b 0a1b 0a2a 0a40 0a50 0a60     ........*.@.P.`.
    113c:	0a70 0a86 0a96 0aa7 0abd 0ace 0adf 0af6     p...............
    114c:	0b07 0b18 0b2f 0b41 0b52 0b6a 0b7c 0b8e     ..../.A.R.j.|...
    115c:	0ba6 0bb8 0bca 0be3 0bf6 0c08 0c1b 0c35     ..............5.
    116c:	0c48 0c5b 0c75 0c88 0c9c 0cb6 0cca 0cde     H.[.u...........
    117c:	0cf9 0d0d 0d22 0d3d 0d52 0d67 0d83 0d98     ....".=.R.g.....
    118c:	0dad 0dca 0ddf 0df5 0e0b 0e28 0e3e 0e55     ..........(.>.U.
    119c:	0e73 0e89 0ea0 0ebe 0ed6 0eed 0f0c 0f24     s.............$.
    11ac:	0f3b 0f5b 0f73 0f8b 0fac 0fc4 0fdd 0ffe     ;.[.s...........
